#
# A fatal error has been detected by the Java Runtime Environment:
#
#  EXCEPTION_ACCESS_VIOLATION (0xc0000005) at pc=0x00007ffc0bb7222f, pid=2380, tid=12168
#
# JRE version: OpenJDK Runtime Environment (19.0.2+7) (build 19.0.2+7-44)
# Java VM: OpenJDK 64-Bit Server VM (19.0.2+7-44, mixed mode, emulated-client, sharing, tiered, compressed oops, compressed class ptrs, g1 gc, windows-amd64)
# Problematic frame:
# C  0x00007ffc0bb7222f
#
# No core dump will be written. Minidumps are not enabled by default on client versions of Windows
#
# If you would like to submit a bug report, please visit:
#   https://bugreport.java.com/bugreport/crash.jsp
# The crash happened outside the Java Virtual Machine in native code.
# See problematic frame for where to report the bug.
#

---------------  S U M M A R Y ------------

Command Line: -XX:TieredStopAtLevel=1 -Dspring.output.ansi.enabled=always -Dcom.sun.management.jmxremote -Dspring.jmx.enabled=true -Dspring.liveBeansView.mbeanDomain -Dspring.application.admin.enabled=true -javaagent:C:\Program Files\JetBrains\IntelliJ IDEA 2022.2.1\lib\idea_rt.jar=57014:C:\Program Files\JetBrains\IntelliJ IDEA 2022.2.1\bin -Dfile.encoding=UTF-8 -Dsun.stdout.encoding=UTF-8 -Dsun.stderr.encoding=UTF-8 com.example.diplom.DiplomApplication

Host: Intel(R) Core(TM) i3-10110U CPU @ 2.10GHz, 4 cores, 7G,  Windows 10 , 64 bit Build 19041 (10.0.19041.2546)
Time: Mon Apr 10 01:03:02 2023 RTZ 2 (s 10 , 64 bit Build 19041 (10.0.19041.2546) elapsed time: 783.271862 seconds (0d 0h 13m 3s)

---------------  T H R E A D  ---------------

Current thread (0x0000020daa322430):  JavaThread "Signal Dispatcher" daemon [_thread_in_native, id=12168, stack(0x0000003534300000,0x0000003534400000)]

Stack: [0x0000003534300000,0x0000003534400000],  sp=0x00000035343feb58,  free space=1018k
Native frames: (J=compiled Java code, j=interpreted, Vv=VM code, C=native code)
C  0x00007ffc0bb7222f

Java frames: (J=compiled Java code, j=interpreted, Vv=VM code)
j  jdk.internal.misc.Signal.dispatch(I)V+25 java.base@19.0.2
v  ~StubRoutines::call_stub 0x0000020d9fdc100e

siginfo: EXCEPTION_ACCESS_VIOLATION (0xc0000005), data execution prevention violation at address 0x00007ffc0bb7222f


Registers:
RAX=0x00007ffc0bb7222f, RBX=0x0000020daa322430, RCX=0x0000020db0a8cea0, RDX=0x0000020daa322710
RSP=0x00000035343feb58, RBP=0x0000000000000000, RSI=0x0000020db1395400, RDI=0x0000020db1faa4e8
R8 =0x0000020db1faa4e0, R9 =0x0000020db1faa4e8, R10=0x00007ffc1c8c0000, R11=0x00007ffc1c8c1b74
R12=0x00000000a5775d31, R13=0x0000020db0a8cea0, R14=0x000000080167a000, R15=0x0000020db1faa4e0
RIP=0x00007ffc0bb7222f, EFLAGS=0x0000000000010202


Register to memory mapping:

RIP=0x00007ffc0bb7222f is an unknown value
RAX=0x00007ffc0bb7222f is an unknown value
RBX=0x0000020daa322430 is a thread
RCX=0x0000020db0a8cea0 points into unknown readable memory: 0x00007ffbd8cf8ff0 | f0 8f cf d8 fb 7f 00 00
RDX=0x0000020daa322710 points into unknown readable memory: 0x00007ffbd8cef9a0 | a0 f9 ce d8 fb 7f 00 00
RSP=0x00000035343feb58 is pointing into the stack for thread: 0x0000020daa322430
RBP=0x0 is NULL
RSI=0x0000020db1395400 points into unknown readable memory: 0x0000020db1749a50 | 50 9a 74 b1 0d 02 00 00
RDI=0x0000020db1faa4e8 points into unknown readable memory: 0x000000008a3117c8 | c8 17 31 8a 00 00 00 00
R8 =0x0000020db1faa4e0 points into unknown readable memory: 0x000000008303d7c8 | c8 d7 03 83 00 00 00 00
R9 =0x0000020db1faa4e8 points into unknown readable memory: 0x000000008a3117c8 | c8 17 31 8a 00 00 00 00
R10=0x00007ffc1c8c0000 VCRUNTIME140.dll
R11=0x00007ffc1c8c1b74 VCRUNTIME140.dll
R12=0x00000000a5775d31 is an unallocated location in the heap
R13=0x0000020db0a8cea0 points into unknown readable memory: 0x00007ffbd8cf8ff0 | f0 8f cf d8 fb 7f 00 00
R14=0x000000080167a000 is a pointer to class: 
jdk.internal.misc.Signal$1 {0x000000080167a008}
 - instance size:     3
 - klass size:        67
 - access:            synchronized 
 - state:             loaded
 - name:              'jdk/internal/misc/Signal$1'
 - super:             'java/lang/Object'
 - sub:               
 - arrays:            NULL
 - methods:           Array<T>(0x0000020dae361860)
 - method ordering:   Array<T>(0x0000000800b0f388)
 - default_methods:   Array<T>(0x0000000000000000)
 - local interfaces:  Array<T>(0x0000020dae361830)
 - trans. interfaces: Array<T>(0x0000020dae361830)
 - constants:         constant pool [44] {0x0000020dae361660} for 'jdk/internal/misc/Signal$1'
 - class loader data:  loader data: 0x0000020daa1ca090 of 'bootstrap'
 - source file:       'Signal.java'
 - class annotations:       Array<T>(0x0000000000000000)
 - class type annotations:  Array<T>(0x0000000000000000)
 - field annotations:       Array<T>(0x0000000000000000)
 - field type annotations:  Array<T>(0x0000000000000000)
 - inner classes:     Array<T>(0x0000020dae3619e8)
 - nest members:     Array<T>(0x00000008005fbff0)
 - permitted subclasses:     Array<T>(0x00000008005fbff0)
 - java mirror:       a 'java/lang/Class'{0x000000008a3117c8} = 'jdk/internal/misc/Signal$1'
 - vtable length      6  (start addr: 0x000000080167a1b8)
 - itable length      5 (start addr: 0x000000080167a1e8)
 - ---- static fields (0 words):
 - ---- non-static fields (2 words):
 - final synthetic 'val$handler' 'Ljdk/internal/misc/Signal$Handler;' @12 
 - final synthetic 'val$sig' 'Ljdk/internal/misc/Signal;' @16 
 - non-static oop maps: 12-16 
R15=0x0000020db1faa4e0 points into unknown readable memory: 0x000000008303d7c8 | c8 d7 03 83 00 00 00 00


Top of Stack: (sp=0x00000035343feb58)
0x00000035343feb58:   00007ffbd8716bc5 0000020daa322430
0x00000035343feb68:   0000000000000000 0000020db1395400
0x00000035343feb78:   0000020daa323058 0000020db0a8cea0
0x00000035343feb88:   00007ffbd825403b 0000000000000020
0x00000035343feb98:   0000000000000001 00000000a5775d31
0x00000035343feba8:   0000020daa322980 0000020daa31ab10
0x00000035343febb8:   0000020daa322970 0000020daa322980
0x00000035343febc8:   0000020daa322d58 00000000000003d8
0x00000035343febd8:   0000020daa322430 0000020daa322430
0x00000035343febe8:   0000020daa31ac90 0000020daa30e2a0
0x00000035343febf8:   0000020daa30e2b0 0000020daa30e388
0x00000035343fec08:   00000000000000d8 00000035343fec20
0x00000035343fec18:   000000080167a000 0000020daa322430
0x00000035343fec28:   0000020daa31ac90 0000020daa30e2a0
0x00000035343fec38:   0000020daa30e2b0 0000020daa30e388
0x00000035343fec48:   00000000000000d8 00000035343ff078 

Instructions: (pc=0x00007ffc0bb7222f)
0x00007ffc0bb7212f:   ?? ?? ?? ?? ?? ?? ?? ?? ?? ?? ?? ?? ?? ?? ?? ??
0x00007ffc0bb7213f:   ?? ?? ?? ?? ?? ?? ?? ?? ?? ?? ?? ?? ?? ?? ?? ??
0x00007ffc0bb7214f:   ?? ?? ?? ?? ?? ?? ?? ?? ?? ?? ?? ?? ?? ?? ?? ??
0x00007ffc0bb7215f:   ?? ?? ?? ?? ?? ?? ?? ?? ?? ?? ?? ?? ?? ?? ?? ??
0x00007ffc0bb7216f:   ?? ?? ?? ?? ?? ?? ?? ?? ?? ?? ?? ?? ?? ?? ?? ??
0x00007ffc0bb7217f:   ?? ?? ?? ?? ?? ?? ?? ?? ?? ?? ?? ?? ?? ?? ?? ??
0x00007ffc0bb7218f:   ?? ?? ?? ?? ?? ?? ?? ?? ?? ?? ?? ?? ?? ?? ?? ??
0x00007ffc0bb7219f:   ?? ?? ?? ?? ?? ?? ?? ?? ?? ?? ?? ?? ?? ?? ?? ??
0x00007ffc0bb721af:   ?? ?? ?? ?? ?? ?? ?? ?? ?? ?? ?? ?? ?? ?? ?? ??
0x00007ffc0bb721bf:   ?? ?? ?? ?? ?? ?? ?? ?? ?? ?? ?? ?? ?? ?? ?? ??
0x00007ffc0bb721cf:   ?? ?? ?? ?? ?? ?? ?? ?? ?? ?? ?? ?? ?? ?? ?? ??
0x00007ffc0bb721df:   ?? ?? ?? ?? ?? ?? ?? ?? ?? ?? ?? ?? ?? ?? ?? ??
0x00007ffc0bb721ef:   ?? ?? ?? ?? ?? ?? ?? ?? ?? ?? ?? ?? ?? ?? ?? ??
0x00007ffc0bb721ff:   ?? ?? ?? ?? ?? ?? ?? ?? ?? ?? ?? ?? ?? ?? ?? ??
0x00007ffc0bb7220f:   ?? ?? ?? ?? ?? ?? ?? ?? ?? ?? ?? ?? ?? ?? ?? ??
0x00007ffc0bb7221f:   ?? ?? ?? ?? ?? ?? ?? ?? ?? ?? ?? ?? ?? ?? ?? ??
0x00007ffc0bb7222f:   ?? ?? ?? ?? ?? ?? ?? ?? ?? ?? ?? ?? ?? ?? ?? ??
0x00007ffc0bb7223f:   ?? ?? ?? ?? ?? ?? ?? ?? ?? ?? ?? ?? ?? ?? ?? ??
0x00007ffc0bb7224f:   ?? ?? ?? ?? ?? ?? ?? ?? ?? ?? ?? ?? ?? ?? ?? ??
0x00007ffc0bb7225f:   ?? ?? ?? ?? ?? ?? ?? ?? ?? ?? ?? ?? ?? ?? ?? ??
0x00007ffc0bb7226f:   ?? ?? ?? ?? ?? ?? ?? ?? ?? ?? ?? ?? ?? ?? ?? ??
0x00007ffc0bb7227f:   ?? ?? ?? ?? ?? ?? ?? ?? ?? ?? ?? ?? ?? ?? ?? ??
0x00007ffc0bb7228f:   ?? ?? ?? ?? ?? ?? ?? ?? ?? ?? ?? ?? ?? ?? ?? ??
0x00007ffc0bb7229f:   ?? ?? ?? ?? ?? ?? ?? ?? ?? ?? ?? ?? ?? ?? ?? ??
0x00007ffc0bb722af:   ?? ?? ?? ?? ?? ?? ?? ?? ?? ?? ?? ?? ?? ?? ?? ??
0x00007ffc0bb722bf:   ?? ?? ?? ?? ?? ?? ?? ?? ?? ?? ?? ?? ?? ?? ?? ??
0x00007ffc0bb722cf:   ?? ?? ?? ?? ?? ?? ?? ?? ?? ?? ?? ?? ?? ?? ?? ??
0x00007ffc0bb722df:   ?? ?? ?? ?? ?? ?? ?? ?? ?? ?? ?? ?? ?? ?? ?? ??
0x00007ffc0bb722ef:   ?? ?? ?? ?? ?? ?? ?? ?? ?? ?? ?? ?? ?? ?? ?? ??
0x00007ffc0bb722ff:   ?? ?? ?? ?? ?? ?? ?? ?? ?? ?? ?? ?? ?? ?? ?? ??
0x00007ffc0bb7230f:   ?? ?? ?? ?? ?? ?? ?? ?? ?? ?? ?? ?? ?? ?? ?? ??
0x00007ffc0bb7231f:   ?? ?? ?? ?? ?? ?? ?? ?? ?? ?? ?? ?? ?? ?? ?? ?? 


Stack slot to memory mapping:
stack at sp + 0 slots: 0x00007ffbd8716bc5 jvm.dll
stack at sp + 1 slots: 0x0000020daa322430 is a thread
stack at sp + 2 slots: 0x0 is NULL
stack at sp + 3 slots: 0x0000020db1395400 points into unknown readable memory: 0x0000020db1749a50 | 50 9a 74 b1 0d 02 00 00
stack at sp + 4 slots: 0x0000020daa323058 points into unknown readable memory: 0x0000020daa322430 | 30 24 32 aa 0d 02 00 00
stack at sp + 5 slots: 0x0000020db0a8cea0 points into unknown readable memory: 0x00007ffbd8cf8ff0 | f0 8f cf d8 fb 7f 00 00
stack at sp + 6 slots: 0x00007ffbd825403b jvm.dll
stack at sp + 7 slots: 0x0000000000000020 is an unknown value


---------------  P R O C E S S  ---------------

Threads class SMR info:
_java_thread_list=0x0000020db1ff3480, length=38, elements={
0x0000020daa31ccc0, 0x0000020daa31e3f0, 0x0000020daa322430, 0x0000020daa3231c0,
0x0000020daa3272b0, 0x0000020daa329f10, 0x0000020daa328b20, 0x0000020daa330e40,
0x0000020daa2efa70, 0x0000020daecad8e0, 0x0000020daecade20, 0x0000020daeec2020,
0x0000020db0a0fd50, 0x0000020db0a11d30, 0x0000020db0a12280, 0x0000020db0a0f2b0,
0x0000020db0a107f0, 0x0000020db168e040, 0x0000020db1692ff0, 0x0000020db168f030,
0x0000020db1691ab0, 0x0000020db1692aa0, 0x0000020db168f580, 0x0000020db168d050,
0x0000020db168c5b0, 0x0000020db1693540, 0x0000020db168daf0, 0x0000020db168e590,
0x0000020db1691010, 0x0000020db1692000, 0x0000020db168d5a0, 0x0000020db1691560,
0x0000020db1693a90, 0x0000020db168c060, 0x0000020db168cb00, 0x0000020db19ec040,
0x0000020db19ecae0, 0x0000020db19e9b10
}

Java Threads: ( => current thread )
  0x0000020daa31ccc0 JavaThread "Reference Handler" daemon [_thread_blocked, id=14324, stack(0x0000003534100000,0x0000003534200000)]
  0x0000020daa31e3f0 JavaThread "Finalizer" daemon [_thread_blocked, id=12668, stack(0x0000003534200000,0x0000003534300000)]
=>0x0000020daa322430 JavaThread "Signal Dispatcher" daemon [_thread_in_native, id=12168, stack(0x0000003534300000,0x0000003534400000)]
  0x0000020daa3231c0 JavaThread "Attach Listener" daemon [_thread_blocked, id=9256, stack(0x0000003534400000,0x0000003534500000)]
  0x0000020daa3272b0 JavaThread "Service Thread" daemon [_thread_blocked, id=2696, stack(0x0000003534500000,0x0000003534600000)]
  0x0000020daa329f10 JavaThread "Monitor Deflation Thread" daemon [_thread_blocked, id=9156, stack(0x0000003534600000,0x0000003534700000)]
  0x0000020daa328b20 JavaThread "C1 CompilerThread0" daemon [_thread_blocked, id=7244, stack(0x0000003534700000,0x0000003534800000)]
  0x0000020daa330e40 JavaThread "Sweeper thread" daemon [_thread_blocked, id=11788, stack(0x0000003534800000,0x0000003534900000)]
  0x0000020daa2efa70 JavaThread "Common-Cleaner" daemon [_thread_blocked, id=5596, stack(0x0000003534900000,0x0000003534a00000)]
  0x0000020daecad8e0 JavaThread "Monitor Ctrl-Break" daemon [_thread_in_native, id=4024, stack(0x0000003534a00000,0x0000003534b00000)]
  0x0000020daecade20 JavaThread "Notification Thread" daemon [_thread_blocked, id=8076, stack(0x0000003534b00000,0x0000003534c00000)]
  0x0000020daeec2020 JavaThread "RMI TCP Accept-0" daemon [_thread_in_native, id=9560, stack(0x0000003535100000,0x0000003535200000)]
  0x0000020db0a0fd50 JavaThread "Catalina-utility-1" [_thread_blocked, id=12316, stack(0x0000003535700000,0x0000003535800000)]
  0x0000020db0a11d30 JavaThread "Catalina-utility-2" [_thread_blocked, id=11076, stack(0x0000003535800000,0x0000003535900000)]
  0x0000020db0a12280 JavaThread "container-0" [_thread_blocked, id=2848, stack(0x0000003535900000,0x0000003535a00000)]
  0x0000020db0a0f2b0 JavaThread "mysql-cj-abandoned-connection-cleanup" daemon [_thread_blocked, id=14684, stack(0x0000003535a00000,0x0000003535b00000)]
  0x0000020db0a107f0 JavaThread "HikariPool-1 housekeeper" daemon [_thread_blocked, id=12788, stack(0x0000003535d00000,0x0000003535e00000)]
  0x0000020db168e040 JavaThread "File Watcher" daemon [_thread_blocked, id=13116, stack(0x0000003535f00000,0x0000003536000000)]
  0x0000020db1692ff0 JavaThread "Live Reload Server" daemon [_thread_in_native, id=8648, stack(0x0000003536000000,0x0000003536100000)]
  0x0000020db168f030 JavaThread "http-nio-8080-exec-1" daemon [_thread_blocked, id=7340, stack(0x0000003536400000,0x0000003536500000)]
  0x0000020db1691ab0 JavaThread "http-nio-8080-exec-2" daemon [_thread_blocked, id=15088, stack(0x0000003536500000,0x0000003536600000)]
  0x0000020db1692aa0 JavaThread "http-nio-8080-exec-3" daemon [_thread_blocked, id=4936, stack(0x0000003536600000,0x0000003536700000)]
  0x0000020db168f580 JavaThread "http-nio-8080-exec-4" daemon [_thread_blocked, id=10512, stack(0x0000003536700000,0x0000003536800000)]
  0x0000020db168d050 JavaThread "http-nio-8080-exec-5" daemon [_thread_blocked, id=1836, stack(0x0000003536800000,0x0000003536900000)]
  0x0000020db168c5b0 JavaThread "http-nio-8080-exec-6" daemon [_thread_blocked, id=12116, stack(0x0000003536900000,0x0000003536a00000)]
  0x0000020db1693540 JavaThread "http-nio-8080-exec-7" daemon [_thread_blocked, id=1832, stack(0x0000003536a00000,0x0000003536b00000)]
  0x0000020db168daf0 JavaThread "http-nio-8080-exec-8" daemon [_thread_blocked, id=13656, stack(0x0000003536b00000,0x0000003536c00000)]
  0x0000020db168e590 JavaThread "http-nio-8080-exec-9" daemon [_thread_blocked, id=9684, stack(0x0000003536c00000,0x0000003536d00000)]
  0x0000020db1691010 JavaThread "http-nio-8080-exec-10" daemon [_thread_blocked, id=14976, stack(0x0000003536d00000,0x0000003536e00000)]
  0x0000020db1692000 JavaThread "http-nio-8080-Poller" daemon [_thread_in_native, id=904, stack(0x0000003536e00000,0x0000003536f00000)]
  0x0000020db168d5a0 JavaThread "http-nio-8080-Acceptor" daemon [_thread_in_native, id=10480, stack(0x0000003536f00000,0x0000003537000000)]
  0x0000020db1691560 JavaThread "DestroyJavaVM" [_thread_blocked, id=13540, stack(0x0000003533a00000,0x0000003533b00000)]
  0x0000020db1693a90 JavaThread "Thread-8" daemon [_thread_in_native, id=10776, stack(0x0000003535300000,0x0000003535400000)]
  0x0000020db168c060 JavaThread "dev-server-output" daemon [_thread_in_native, id=15296, stack(0x0000003535b00000,0x0000003535c00000)]
  0x0000020db168cb00 JavaThread "Live Reload #1" daemon [_thread_in_native, id=9004, stack(0x0000003533800000,0x0000003533900000)]
  0x0000020db19ec040 JavaThread "WebSocket background processing" daemon [_thread_blocked, id=9384, stack(0x0000003536300000,0x0000003536400000)]
  0x0000020db19ecae0 JavaThread "Atmosphere-Scheduler-25" daemon [_thread_blocked, id=9048, stack(0x0000003534c00000,0x0000003534d00000)]
  0x0000020db19e9b10 JavaThread "Atmosphere-Scheduler-26" daemon [_thread_blocked, id=12956, stack(0x0000003535000000,0x0000003535100000)]

Other Threads:
  0x0000020daa301350 VMThread "VM Thread" [stack: 0x0000003534000000,0x0000003534100000] [id=8060]
  0x0000020daee5b120 WatcherThread "VM Periodic Task Thread" [stack: 0x0000003535200000,0x0000003535300000] [id=15032]
  0x0000020d96726290 WorkerThread "GC Thread#0" [stack: 0x0000003533b00000,0x0000003533c00000] [id=15336]
  0x0000020daedaf660 WorkerThread "GC Thread#1" [stack: 0x0000003534d00000,0x0000003534e00000] [id=8164]
  0x0000020daedaf930 WorkerThread "GC Thread#2" [stack: 0x0000003534e00000,0x0000003534f00000] [id=3176]
  0x0000020daededfc0 WorkerThread "GC Thread#3" [stack: 0x0000003534f00000,0x0000003535000000] [id=10752]
  0x0000020d96736e50 ConcurrentGCThread "G1 Main Marker" [stack: 0x0000003533c00000,0x0000003533d00000] [id=14696]
  0x0000020d96737a20 WorkerThread "G1 Conc#0" [stack: 0x0000003533d00000,0x0000003533e00000] [id=3656]
  0x0000020daa1bb510 ConcurrentGCThread "G1 Refine#0" [stack: 0x0000003533e00000,0x0000003533f00000] [id=14640]
  0x0000020daa1bbe60 ConcurrentGCThread "G1 Service" [stack: 0x0000003533f00000,0x0000003534000000] [id=13792]

Threads with active compile tasks:

VM state: not at safepoint (normal execution)

VM Mutex/Monitor currently owned by a thread: None

Heap address: 0x0000000082a00000, size: 2006 MB, Compressed Oops mode: 32-bit

CDS archive(s) mapped at: [0x0000000800000000-0x0000000800c40000-0x0000000800c40000), size 12845056, SharedBaseAddress: 0x0000000800000000, ArchiveRelocationMode: 0.
Compressed class space mapped at: 0x0000000801000000-0x0000000841000000, reserved size: 1073741824
Narrow klass base: 0x0000000800000000, Narrow klass shift: 0, Narrow klass range: 0x100000000

GC Precious Log:
 CardTable entry size: 512
 Card Set container configuration: InlinePtr #cards 5 size 8 Array Of Cards #cards 12 size 40 Howl #buckets 4 coarsen threshold 1843 Howl Bitmap #cards 512 size 80 coarsen threshold 460 Card regions per heap region 1 cards per card region 2048
 CPUs: 4 total, 4 available
 Memory: 8023M
 Large Page Support: Disabled
 NUMA Support: Disabled
 Compressed Oops: Enabled (32-bit)
 Heap Region Size: 1M
 Heap Min Capacity: 8M
 Heap Initial Capacity: 126M
 Heap Max Capacity: 2006M
 Pre-touch: Disabled
 Parallel Workers: 4
 Concurrent Workers: 1
 Concurrent Refinement Workers: 4
 Periodic GC: Disabled

Heap:
 garbage-first heap   total 163840K, used 80710K [0x0000000082a00000, 0x0000000100000000)
  region size 1024K, 35 young (35840K), 1 survivors (1024K)
 Metaspace       used 82781K, committed 83392K, reserved 1179648K
  class space    used 11437K, committed 11712K, reserved 1048576K

Heap Regions: E=young(eden), S=young(survivor), O=old, HS=humongous(starts), HC=humongous(continues), CS=collection set, F=free, OA=open archive, CA=closed archive, TAMS=top-at-mark-start (previous, next)
|   0|0x0000000082a00000, 0x0000000082b00000, 0x0000000082b00000|100%|HS|  |TAMS 0x0000000082b00000, 0x0000000082a00000| Complete 
|   1|0x0000000082b00000, 0x0000000082c00000, 0x0000000082c00000|100%| O|  |TAMS 0x0000000082c00000, 0x0000000082b00000| Untracked 
|   2|0x0000000082c00000, 0x0000000082d00000, 0x0000000082d00000|100%| O|  |TAMS 0x0000000082d00000, 0x0000000082c00000| Untracked 
|   3|0x0000000082d00000, 0x0000000082e00000, 0x0000000082e00000|100%| O|  |TAMS 0x0000000082e00000, 0x0000000082d00000| Untracked 
|   4|0x0000000082e00000, 0x0000000082f00000, 0x0000000082f00000|100%| O|  |TAMS 0x0000000082f00000, 0x0000000082e00000| Untracked 
|   5|0x0000000082f00000, 0x0000000083000000, 0x0000000083000000|100%| O|  |TAMS 0x0000000083000000, 0x0000000082f00000| Untracked 
|   6|0x0000000083000000, 0x0000000083100000, 0x0000000083100000|100%| O|  |TAMS 0x0000000083100000, 0x0000000083000000| Untracked 
|   7|0x0000000083100000, 0x0000000083200000, 0x0000000083200000|100%| O|  |TAMS 0x0000000083200000, 0x0000000083100000| Untracked 
|   8|0x0000000083200000, 0x0000000083300000, 0x0000000083300000|100%| O|  |TAMS 0x0000000083300000, 0x0000000083200000| Untracked 
|   9|0x0000000083300000, 0x0000000083400000, 0x0000000083400000|100%| O|  |TAMS 0x0000000083400000, 0x0000000083300000| Untracked 
|  10|0x0000000083400000, 0x0000000083500000, 0x0000000083500000|100%| O|  |TAMS 0x0000000083500000, 0x0000000083400000| Untracked 
|  11|0x0000000083500000, 0x0000000083600000, 0x0000000083600000|100%| O|  |TAMS 0x0000000083600000, 0x0000000083500000| Untracked 
|  12|0x0000000083600000, 0x0000000083700000, 0x0000000083700000|100%| O|  |TAMS 0x0000000083700000, 0x0000000083600000| Untracked 
|  13|0x0000000083700000, 0x0000000083800000, 0x0000000083800000|100%| O|  |TAMS 0x0000000083800000, 0x0000000083700000| Untracked 
|  14|0x0000000083800000, 0x0000000083900000, 0x0000000083900000|100%| O|  |TAMS 0x0000000083900000, 0x0000000083800000| Untracked 
|  15|0x0000000083900000, 0x0000000083a00000, 0x0000000083a00000|100%| O|  |TAMS 0x0000000083a00000, 0x0000000083900000| Untracked 
|  16|0x0000000083a00000, 0x0000000083b00000, 0x0000000083b00000|100%| O|  |TAMS 0x0000000083b00000, 0x0000000083a00000| Untracked 
|  17|0x0000000083b00000, 0x0000000083c00000, 0x0000000083c00000|100%| O|  |TAMS 0x0000000083c00000, 0x0000000083b00000| Untracked 
|  18|0x0000000083c00000, 0x0000000083d00000, 0x0000000083d00000|100%| O|  |TAMS 0x0000000083d00000, 0x0000000083c00000| Untracked 
|  19|0x0000000083d00000, 0x0000000083e00000, 0x0000000083e00000|100%| O|  |TAMS 0x0000000083e00000, 0x0000000083d00000| Untracked 
|  20|0x0000000083e00000, 0x0000000083f00000, 0x0000000083f00000|100%| O|  |TAMS 0x0000000083f00000, 0x0000000083e00000| Untracked 
|  21|0x0000000083f00000, 0x0000000084000000, 0x0000000084000000|100%| O|  |TAMS 0x0000000083f00000, 0x0000000083f00000| Untracked 
|  22|0x0000000084000000, 0x0000000084000000, 0x0000000084100000|  0%| F|  |TAMS 0x0000000084000000, 0x0000000084000000| Untracked 
|  23|0x0000000084100000, 0x0000000084200000, 0x0000000084200000|100%| O|  |TAMS 0x0000000084100000, 0x0000000084100000| Untracked 
|  24|0x0000000084200000, 0x0000000084300000, 0x0000000084300000|100%| O|  |TAMS 0x0000000084200000, 0x0000000084200000| Untracked 
|  25|0x0000000084300000, 0x0000000084300000, 0x0000000084400000|  0%| F|  |TAMS 0x0000000084300000, 0x0000000084300000| Untracked 
|  26|0x0000000084400000, 0x00000000844f5400, 0x0000000084500000| 95%| O|  |TAMS 0x0000000084400000, 0x0000000084400000| Untracked 
|  27|0x0000000084500000, 0x0000000084500000, 0x0000000084600000|  0%| F|  |TAMS 0x0000000084500000, 0x0000000084500000| Untracked 
|  28|0x0000000084600000, 0x0000000084600000, 0x0000000084700000|  0%| F|  |TAMS 0x0000000084600000, 0x0000000084600000| Untracked 
|  29|0x0000000084700000, 0x0000000084800000, 0x0000000084800000|100%| O|  |TAMS 0x0000000084800000, 0x0000000084700000| Untracked 
|  30|0x0000000084800000, 0x0000000084800000, 0x0000000084900000|  0%| F|  |TAMS 0x0000000084800000, 0x0000000084800000| Untracked 
|  31|0x0000000084900000, 0x0000000084900000, 0x0000000084a00000|  0%| F|  |TAMS 0x0000000084900000, 0x0000000084900000| Untracked 
|  32|0x0000000084a00000, 0x0000000084a00000, 0x0000000084b00000|  0%| F|  |TAMS 0x0000000084a00000, 0x0000000084a00000| Untracked 
|  33|0x0000000084b00000, 0x0000000084b00000, 0x0000000084c00000|  0%| F|  |TAMS 0x0000000084b00000, 0x0000000084b00000| Untracked 
|  34|0x0000000084c00000, 0x0000000084c00000, 0x0000000084d00000|  0%| F|  |TAMS 0x0000000084c00000, 0x0000000084c00000| Untracked 
|  35|0x0000000084d00000, 0x0000000084e00000, 0x0000000084e00000|100%| O|  |TAMS 0x0000000084e00000, 0x0000000084d00000| Untracked 
|  36|0x0000000084e00000, 0x0000000084e00000, 0x0000000084f00000|  0%| F|  |TAMS 0x0000000084e00000, 0x0000000084e00000| Untracked 
|  37|0x0000000084f00000, 0x0000000085000000, 0x0000000085000000|100%| O|  |TAMS 0x0000000085000000, 0x0000000084f00000| Untracked 
|  38|0x0000000085000000, 0x0000000085100000, 0x0000000085100000|100%| O|  |TAMS 0x0000000085100000, 0x0000000085000000| Untracked 
|  39|0x0000000085100000, 0x0000000085200000, 0x0000000085200000|100%| O|  |TAMS 0x0000000085200000, 0x0000000085100000| Untracked 
|  40|0x0000000085200000, 0x0000000085200000, 0x0000000085300000|  0%| F|  |TAMS 0x0000000085200000, 0x0000000085200000| Untracked 
|  41|0x0000000085300000, 0x0000000085300000, 0x0000000085400000|  0%| F|  |TAMS 0x0000000085300000, 0x0000000085300000| Untracked 
|  42|0x0000000085400000, 0x0000000085500000, 0x0000000085500000|100%| O|  |TAMS 0x0000000085500000, 0x0000000085400000| Untracked 
|  43|0x0000000085500000, 0x0000000085500000, 0x0000000085600000|  0%| F|  |TAMS 0x0000000085500000, 0x0000000085500000| Untracked 
|  44|0x0000000085600000, 0x0000000085600000, 0x0000000085700000|  0%| F|  |TAMS 0x0000000085600000, 0x0000000085600000| Untracked 
|  45|0x0000000085700000, 0x0000000085700000, 0x0000000085800000|  0%| F|  |TAMS 0x0000000085700000, 0x0000000085700000| Untracked 
|  46|0x0000000085800000, 0x0000000085800000, 0x0000000085900000|  0%| F|  |TAMS 0x0000000085800000, 0x0000000085800000| Untracked 
|  47|0x0000000085900000, 0x0000000085a00000, 0x0000000085a00000|100%| O|  |TAMS 0x0000000085a00000, 0x0000000085900000| Untracked 
|  48|0x0000000085a00000, 0x0000000085affff8, 0x0000000085b00000| 99%| O|  |TAMS 0x0000000085affff8, 0x0000000085a00000| Untracked 
|  49|0x0000000085b00000, 0x0000000085c00000, 0x0000000085c00000|100%| O|  |TAMS 0x0000000085c00000, 0x0000000085b00000| Untracked 
|  50|0x0000000085c00000, 0x0000000085d00000, 0x0000000085d00000|100%| O|  |TAMS 0x0000000085d00000, 0x0000000085c00000| Untracked 
|  51|0x0000000085d00000, 0x0000000085e00000, 0x0000000085e00000|100%| O|  |TAMS 0x0000000085e00000, 0x0000000085d00000| Untracked 
|  52|0x0000000085e00000, 0x0000000085f00000, 0x0000000085f00000|100%| O|  |TAMS 0x0000000085f00000, 0x0000000085e00000| Untracked 
|  53|0x0000000085f00000, 0x0000000086000000, 0x0000000086000000|100%| O|  |TAMS 0x0000000086000000, 0x0000000085f00000| Untracked 
|  54|0x0000000086000000, 0x0000000086100000, 0x0000000086100000|100%| O|  |TAMS 0x0000000086100000, 0x0000000086000000| Untracked 
|  55|0x0000000086100000, 0x0000000086200000, 0x0000000086200000|100%| O|  |TAMS 0x0000000086200000, 0x0000000086100000| Untracked 
|  56|0x0000000086200000, 0x0000000086300000, 0x0000000086300000|100%| O|  |TAMS 0x0000000086300000, 0x0000000086200000| Untracked 
|  57|0x0000000086300000, 0x0000000086400000, 0x0000000086400000|100%| O|  |TAMS 0x00000000863f2200, 0x0000000086300000| Untracked 
|  58|0x0000000086400000, 0x0000000086400000, 0x0000000086500000|  0%| F|  |TAMS 0x0000000086400000, 0x0000000086400000| Untracked 
|  59|0x0000000086500000, 0x0000000086500000, 0x0000000086600000|  0%| F|  |TAMS 0x0000000086500000, 0x0000000086500000| Untracked 
|  60|0x0000000086600000, 0x0000000086600000, 0x0000000086700000|  0%| F|  |TAMS 0x0000000086600000, 0x0000000086600000| Untracked 
|  61|0x0000000086700000, 0x0000000086700000, 0x0000000086800000|  0%| F|  |TAMS 0x0000000086700000, 0x0000000086700000| Untracked 
|  62|0x0000000086800000, 0x0000000086800000, 0x0000000086900000|  0%| F|  |TAMS 0x0000000086800000, 0x0000000086800000| Untracked 
|  63|0x0000000086900000, 0x0000000086900000, 0x0000000086a00000|  0%| F|  |TAMS 0x0000000086900000, 0x0000000086900000| Untracked 
|  64|0x0000000086a00000, 0x0000000086a00000, 0x0000000086b00000|  0%| F|  |TAMS 0x0000000086a00000, 0x0000000086a00000| Untracked 
|  65|0x0000000086b00000, 0x0000000086b00000, 0x0000000086c00000|  0%| F|  |TAMS 0x0000000086b00000, 0x0000000086b00000| Untracked 
|  66|0x0000000086c00000, 0x0000000086c00000, 0x0000000086d00000|  0%| F|  |TAMS 0x0000000086c00000, 0x0000000086c00000| Untracked 
|  67|0x0000000086d00000, 0x0000000086d00000, 0x0000000086e00000|  0%| F|  |TAMS 0x0000000086d00000, 0x0000000086d00000| Untracked 
|  68|0x0000000086e00000, 0x0000000086e00000, 0x0000000086f00000|  0%| F|  |TAMS 0x0000000086e00000, 0x0000000086e00000| Untracked 
|  69|0x0000000086f00000, 0x0000000086f00000, 0x0000000087000000|  0%| F|  |TAMS 0x0000000086f00000, 0x0000000086f00000| Untracked 
|  70|0x0000000087000000, 0x0000000087000000, 0x0000000087100000|  0%| F|  |TAMS 0x0000000087000000, 0x0000000087000000| Untracked 
|  71|0x0000000087100000, 0x0000000087100000, 0x0000000087200000|  0%| F|  |TAMS 0x0000000087100000, 0x0000000087100000| Untracked 
|  72|0x0000000087200000, 0x0000000087200000, 0x0000000087300000|  0%| F|  |TAMS 0x0000000087200000, 0x0000000087200000| Untracked 
|  73|0x0000000087300000, 0x0000000087300000, 0x0000000087400000|  0%| F|  |TAMS 0x0000000087300000, 0x0000000087300000| Untracked 
|  74|0x0000000087400000, 0x0000000087400000, 0x0000000087500000|  0%| F|  |TAMS 0x0000000087400000, 0x0000000087400000| Untracked 
|  75|0x0000000087500000, 0x0000000087500000, 0x0000000087600000|  0%| F|  |TAMS 0x0000000087500000, 0x0000000087500000| Untracked 
|  76|0x0000000087600000, 0x0000000087600000, 0x0000000087700000|  0%| F|  |TAMS 0x0000000087600000, 0x0000000087600000| Untracked 
|  77|0x0000000087700000, 0x0000000087700000, 0x0000000087800000|  0%| F|  |TAMS 0x0000000087700000, 0x0000000087700000| Untracked 
|  78|0x0000000087800000, 0x0000000087800000, 0x0000000087900000|  0%| F|  |TAMS 0x0000000087800000, 0x0000000087800000| Untracked 
|  79|0x0000000087900000, 0x0000000087900000, 0x0000000087a00000|  0%| F|  |TAMS 0x0000000087900000, 0x0000000087900000| Untracked 
|  80|0x0000000087a00000, 0x0000000087a00000, 0x0000000087b00000|  0%| F|  |TAMS 0x0000000087a00000, 0x0000000087a00000| Untracked 
|  81|0x0000000087b00000, 0x0000000087b00000, 0x0000000087c00000|  0%| F|  |TAMS 0x0000000087b00000, 0x0000000087b00000| Untracked 
|  82|0x0000000087c00000, 0x0000000087c00000, 0x0000000087d00000|  0%| F|  |TAMS 0x0000000087c00000, 0x0000000087c00000| Untracked 
|  83|0x0000000087d00000, 0x0000000087d00000, 0x0000000087e00000|  0%| F|  |TAMS 0x0000000087d00000, 0x0000000087d00000| Untracked 
|  84|0x0000000087e00000, 0x0000000087e00000, 0x0000000087f00000|  0%| F|  |TAMS 0x0000000087e00000, 0x0000000087e00000| Untracked 
|  85|0x0000000087f00000, 0x0000000087f00000, 0x0000000088000000|  0%| F|  |TAMS 0x0000000087f00000, 0x0000000087f00000| Untracked 
|  86|0x0000000088000000, 0x0000000088000000, 0x0000000088100000|  0%| F|  |TAMS 0x0000000088000000, 0x0000000088000000| Untracked 
|  87|0x0000000088100000, 0x0000000088100000, 0x0000000088200000|  0%| F|  |TAMS 0x0000000088100000, 0x0000000088100000| Untracked 
|  88|0x0000000088200000, 0x0000000088200000, 0x0000000088300000|  0%| F|  |TAMS 0x0000000088200000, 0x0000000088200000| Untracked 
|  89|0x0000000088300000, 0x0000000088300000, 0x0000000088400000|  0%| F|  |TAMS 0x0000000088300000, 0x0000000088300000| Untracked 
|  90|0x0000000088400000, 0x0000000088400000, 0x0000000088500000|  0%| F|  |TAMS 0x0000000088400000, 0x0000000088400000| Untracked 
|  91|0x0000000088500000, 0x0000000088500000, 0x0000000088600000|  0%| F|  |TAMS 0x0000000088500000, 0x0000000088500000| Untracked 
|  92|0x0000000088600000, 0x0000000088600000, 0x0000000088700000|  0%| F|  |TAMS 0x0000000088600000, 0x0000000088600000| Untracked 
|  93|0x0000000088700000, 0x0000000088700000, 0x0000000088800000|  0%| F|  |TAMS 0x0000000088700000, 0x0000000088700000| Untracked 
|  94|0x0000000088800000, 0x0000000088800000, 0x0000000088900000|  0%| F|  |TAMS 0x0000000088800000, 0x0000000088800000| Untracked 
|  95|0x0000000088900000, 0x0000000088900000, 0x0000000088a00000|  0%| F|  |TAMS 0x0000000088900000, 0x0000000088900000| Untracked 
|  96|0x0000000088a00000, 0x0000000088a00000, 0x0000000088b00000|  0%| F|  |TAMS 0x0000000088a00000, 0x0000000088a00000| Untracked 
|  97|0x0000000088b00000, 0x0000000088b00000, 0x0000000088c00000|  0%| F|  |TAMS 0x0000000088b00000, 0x0000000088b00000| Untracked 
|  98|0x0000000088c00000, 0x0000000088c00000, 0x0000000088d00000|  0%| F|  |TAMS 0x0000000088c00000, 0x0000000088c00000| Untracked 
|  99|0x0000000088d00000, 0x0000000088d00000, 0x0000000088e00000|  0%| F|  |TAMS 0x0000000088d00000, 0x0000000088d00000| Untracked 
| 100|0x0000000088e00000, 0x0000000088e00000, 0x0000000088f00000|  0%| F|  |TAMS 0x0000000088e00000, 0x0000000088e00000| Untracked 
| 101|0x0000000088f00000, 0x0000000088f00000, 0x0000000089000000|  0%| F|  |TAMS 0x0000000088f00000, 0x0000000088f00000| Untracked 
| 102|0x0000000089000000, 0x0000000089000000, 0x0000000089100000|  0%| F|  |TAMS 0x0000000089000000, 0x0000000089000000| Untracked 
| 103|0x0000000089100000, 0x0000000089100000, 0x0000000089200000|  0%| F|  |TAMS 0x0000000089100000, 0x0000000089100000| Untracked 
| 104|0x0000000089200000, 0x0000000089200000, 0x0000000089300000|  0%| F|  |TAMS 0x0000000089200000, 0x0000000089200000| Untracked 
| 105|0x0000000089300000, 0x0000000089300000, 0x0000000089400000|  0%| F|  |TAMS 0x0000000089300000, 0x0000000089300000| Untracked 
| 106|0x0000000089400000, 0x0000000089400000, 0x0000000089500000|  0%| F|  |TAMS 0x0000000089400000, 0x0000000089400000| Untracked 
| 107|0x0000000089500000, 0x0000000089500000, 0x0000000089600000|  0%| F|  |TAMS 0x0000000089500000, 0x0000000089500000| Untracked 
| 108|0x0000000089600000, 0x0000000089600000, 0x0000000089700000|  0%| F|  |TAMS 0x0000000089600000, 0x0000000089600000| Untracked 
| 109|0x0000000089700000, 0x0000000089700000, 0x0000000089800000|  0%| F|  |TAMS 0x0000000089700000, 0x0000000089700000| Untracked 
| 110|0x0000000089800000, 0x0000000089800000, 0x0000000089900000|  0%| F|  |TAMS 0x0000000089800000, 0x0000000089800000| Untracked 
| 111|0x0000000089900000, 0x0000000089900000, 0x0000000089a00000|  0%| F|  |TAMS 0x0000000089900000, 0x0000000089900000| Untracked 
| 112|0x0000000089a00000, 0x0000000089a00000, 0x0000000089b00000|  0%| F|  |TAMS 0x0000000089a00000, 0x0000000089a00000| Untracked 
| 113|0x0000000089b00000, 0x0000000089b00000, 0x0000000089c00000|  0%| F|  |TAMS 0x0000000089b00000, 0x0000000089b00000| Untracked 
| 114|0x0000000089c00000, 0x0000000089c00000, 0x0000000089d00000|  0%| F|  |TAMS 0x0000000089c00000, 0x0000000089c00000| Untracked 
| 115|0x0000000089d00000, 0x0000000089d00000, 0x0000000089e00000|  0%| F|  |TAMS 0x0000000089d00000, 0x0000000089d00000| Untracked 
| 116|0x0000000089e00000, 0x0000000089e00000, 0x0000000089f00000|  0%| F|  |TAMS 0x0000000089e00000, 0x0000000089e00000| Untracked 
| 117|0x0000000089f00000, 0x0000000089f00000, 0x000000008a000000|  0%| F|  |TAMS 0x0000000089f00000, 0x0000000089f00000| Untracked 
| 118|0x000000008a000000, 0x000000008a000000, 0x000000008a100000|  0%| F|  |TAMS 0x000000008a000000, 0x000000008a000000| Untracked 
| 119|0x000000008a100000, 0x000000008a100000, 0x000000008a200000|  0%| F|  |TAMS 0x000000008a100000, 0x000000008a100000| Untracked 
| 120|0x000000008a200000, 0x000000008a200000, 0x000000008a300000|  0%| F|  |TAMS 0x000000008a200000, 0x000000008a200000| Untracked 
| 121|0x000000008a300000, 0x000000008a3355a0, 0x000000008a400000| 20%| E|  |TAMS 0x000000008a300000, 0x000000008a300000| Complete 
| 122|0x000000008a400000, 0x000000008a500000, 0x000000008a500000|100%| E|CS|TAMS 0x000000008a400000, 0x000000008a400000| Complete 
| 123|0x000000008a500000, 0x000000008a600000, 0x000000008a600000|100%| E|CS|TAMS 0x000000008a500000, 0x000000008a500000| Complete 
| 124|0x000000008a600000, 0x000000008a700000, 0x000000008a700000|100%| E|CS|TAMS 0x000000008a600000, 0x000000008a600000| Complete 
| 125|0x000000008a700000, 0x000000008a800000, 0x000000008a800000|100%| E|CS|TAMS 0x000000008a700000, 0x000000008a700000| Complete 
| 126|0x000000008a800000, 0x000000008a900000, 0x000000008a900000|100%| E|CS|TAMS 0x000000008a800000, 0x000000008a800000| Complete 
| 127|0x000000008a900000, 0x000000008aa00000, 0x000000008aa00000|100%| E|CS|TAMS 0x000000008a900000, 0x000000008a900000| Complete 
| 128|0x000000008aa00000, 0x000000008ab00000, 0x000000008ab00000|100%| E|CS|TAMS 0x000000008aa00000, 0x000000008aa00000| Complete 
| 129|0x000000008ab00000, 0x000000008ac00000, 0x000000008ac00000|100%| E|CS|TAMS 0x000000008ab00000, 0x000000008ab00000| Complete 
| 130|0x000000008ac00000, 0x000000008ad00000, 0x000000008ad00000|100%| E|CS|TAMS 0x000000008ac00000, 0x000000008ac00000| Complete 
| 131|0x000000008ad00000, 0x000000008ae00000, 0x000000008ae00000|100%| E|CS|TAMS 0x000000008ad00000, 0x000000008ad00000| Complete 
| 132|0x000000008ae00000, 0x000000008af00000, 0x000000008af00000|100%| E|CS|TAMS 0x000000008ae00000, 0x000000008ae00000| Complete 
| 133|0x000000008af00000, 0x000000008b000000, 0x000000008b000000|100%| E|CS|TAMS 0x000000008af00000, 0x000000008af00000| Complete 
| 134|0x000000008b000000, 0x000000008b100000, 0x000000008b100000|100%| E|CS|TAMS 0x000000008b000000, 0x000000008b000000| Complete 
| 135|0x000000008b100000, 0x000000008b200000, 0x000000008b200000|100%| E|CS|TAMS 0x000000008b100000, 0x000000008b100000| Complete 
| 136|0x000000008b200000, 0x000000008b300000, 0x000000008b300000|100%| E|CS|TAMS 0x000000008b200000, 0x000000008b200000| Complete 
| 137|0x000000008b300000, 0x000000008b400000, 0x000000008b400000|100%| E|CS|TAMS 0x000000008b300000, 0x000000008b300000| Complete 
| 138|0x000000008b400000, 0x000000008b500000, 0x000000008b500000|100%| E|CS|TAMS 0x000000008b400000, 0x000000008b400000| Complete 
| 139|0x000000008b500000, 0x000000008b600000, 0x000000008b600000|100%| E|CS|TAMS 0x000000008b500000, 0x000000008b500000| Complete 
| 140|0x000000008b600000, 0x000000008b700000, 0x000000008b700000|100%| E|CS|TAMS 0x000000008b600000, 0x000000008b600000| Complete 
| 141|0x000000008b700000, 0x000000008b800000, 0x000000008b800000|100%| E|CS|TAMS 0x000000008b700000, 0x000000008b700000| Complete 
| 142|0x000000008b800000, 0x000000008b900000, 0x000000008b900000|100%| E|CS|TAMS 0x000000008b800000, 0x000000008b800000| Complete 
| 143|0x000000008b900000, 0x000000008ba00000, 0x000000008ba00000|100%| E|CS|TAMS 0x000000008b900000, 0x000000008b900000| Complete 
| 144|0x000000008ba00000, 0x000000008bb00000, 0x000000008bb00000|100%| E|CS|TAMS 0x000000008ba00000, 0x000000008ba00000| Complete 
| 145|0x000000008bb00000, 0x000000008bc00000, 0x000000008bc00000|100%| E|CS|TAMS 0x000000008bb00000, 0x000000008bb00000| Complete 
| 146|0x000000008bc00000, 0x000000008bd00000, 0x000000008bd00000|100%| E|CS|TAMS 0x000000008bc00000, 0x000000008bc00000| Complete 
| 147|0x000000008bd00000, 0x000000008bddc620, 0x000000008be00000| 86%| S|CS|TAMS 0x000000008bd00000, 0x000000008bd00000| Complete 
| 148|0x000000008be00000, 0x000000008bf00000, 0x000000008bf00000|100%| E|CS|TAMS 0x000000008be00000, 0x000000008be00000| Complete 
| 149|0x000000008bf00000, 0x000000008c000000, 0x000000008c000000|100%| E|CS|TAMS 0x000000008bf00000, 0x000000008bf00000| Complete 
| 150|0x000000008c000000, 0x000000008c100000, 0x000000008c100000|100%| E|  |TAMS 0x000000008c000000, 0x000000008c000000| Complete 
| 151|0x000000008c100000, 0x000000008c200000, 0x000000008c200000|100%| E|CS|TAMS 0x000000008c100000, 0x000000008c100000| Complete 
| 152|0x000000008c200000, 0x000000008c300000, 0x000000008c300000|100%| E|CS|TAMS 0x000000008c200000, 0x000000008c200000| Complete 
| 153|0x000000008c300000, 0x000000008c400000, 0x000000008c400000|100%| E|CS|TAMS 0x000000008c300000, 0x000000008c300000| Complete 
| 154|0x000000008c400000, 0x000000008c500000, 0x000000008c500000|100%| E|CS|TAMS 0x000000008c400000, 0x000000008c400000| Complete 
| 155|0x000000008c500000, 0x000000008c600000, 0x000000008c600000|100%| E|CS|TAMS 0x000000008c500000, 0x000000008c500000| Complete 
|2002|0x00000000ffc00000, 0x00000000ffd00000, 0x00000000ffd00000|100%| O|  |TAMS 0x00000000ffc00000, 0x00000000ffc00000| Untracked 
|2003|0x00000000ffd00000, 0x00000000ffe00000, 0x00000000ffe00000|100%| O|  |TAMS 0x00000000ffd00000, 0x00000000ffd00000| Untracked 
|2004|0x00000000ffe00000, 0x00000000fff00000, 0x00000000fff00000|100%| O|  |TAMS 0x00000000ffe00000, 0x00000000ffe00000| Untracked 
|2005|0x00000000fff00000, 0x0000000100000000, 0x0000000100000000|100%| O|  |TAMS 0x00000000fff00000, 0x00000000fff00000| Untracked 

Card table byte_map: [0x0000020da3650000,0x0000020da3a40000] _byte_map_base: 0x0000020da323b000

Marking Bits (Prev, Next): (CMBitMap*) 0x0000020d967268c0, (CMBitMap*) 0x0000020d96726900
 Prev Bits: [0x0000020da3e30000, 0x0000020da5d88000)
 Next Bits: [0x0000020da5d90000, 0x0000020da7ce8000)

Polling page: 0x0000020d96540000

Metaspace:

Usage:
  Non-class:     69.67 MB used.
      Class:     11.17 MB used.
       Both:     80.84 MB used.

Virtual space:
  Non-class space:      128.00 MB reserved,      70.00 MB ( 55%) committed,  2 nodes.
      Class space:        1.00 GB reserved,      11.44 MB (  1%) committed,  1 nodes.
             Both:        1.12 GB reserved,      81.44 MB (  7%) committed. 

Chunk freelists:
   Non-Class:  1.44 MB
       Class:  605.00 KB
        Both:  2.03 MB

MaxMetaspaceSize: unlimited
CompressedClassSpaceSize: 1.00 GB
Initial GC threshold: 21.00 MB
Current GC threshold: 133.75 MB
CDS: on
MetaspaceReclaimPolicy: balanced
 - commit_granule_bytes: 65536.
 - commit_granule_words: 8192.
 - virtual_space_node_default_size: 8388608.
 - enlarge_chunks_in_place: 1.
 - new_chunks_are_fully_committed: 0.
 - uncommit_free_chunks: 1.
 - use_allocation_guard: 0.


Internal statistics:

num_allocs_failed_limit: 18.
num_arena_births: 1120.
num_arena_deaths: 310.
num_vsnodes_births: 3.
num_vsnodes_deaths: 0.
num_space_committed: 1303.
num_space_uncommitted: 0.
num_chunks_returned_to_freelist: 383.
num_chunks_taken_from_freelist: 3981.
num_chunk_merges: 150.
num_chunk_splits: 2873.
num_chunks_enlarged: 2336.
num_inconsistent_stats: 0.

CodeCache: size=49152Kb used=16601Kb max_used=17612Kb free=32550Kb
 bounds [0x0000020d9fdc0000, 0x0000020da0f40000, 0x0000020da2dc0000]
 total_blobs=10386 nmethods=9626 adapters=684
 compilation: enabled
              stopped_count=0, restarted_count=0
 full_count=0

Compilation events (20 events):
Event: 679.095 Thread 0x0000020daa328b20 9617   !   1       jdk.internal.misc.ScopedMemoryAccess::putByteInternal (35 bytes)
Event: 679.095 Thread 0x0000020daa328b20 nmethod 9617 0x0000020da0ccda10 code [0x0000020da0ccdbc0, 0x0000020da0ccdce8]
Event: 739.424 Thread 0x0000020daa328b20 9618       1       org.springframework.boot.devtools.livereload.Frame::getType (5 bytes)
Event: 739.424 Thread 0x0000020daa328b20 nmethod 9618 0x0000020da0ccd710 code [0x0000020da0ccd8a0, 0x0000020da0ccd958]
Event: 755.467 Thread 0x0000020daa328b20 9619       1       org.springframework.boot.devtools.livereload.ConnectionInputStream::readFully (27 bytes)
Event: 755.467 Thread 0x0000020daa328b20 nmethod 9619 0x0000020da0ccd190 code [0x0000020da0ccd340, 0x0000020da0ccd538]
Event: 759.474 Thread 0x0000020daa328b20 9620       1       org.springframework.boot.devtools.livereload.Frame$Type::access$000 (5 bytes)
Event: 759.474 Thread 0x0000020daa328b20 nmethod 9620 0x0000020da0ccce90 code [0x0000020da0ccd020, 0x0000020da0ccd0d8]
Event: 759.474 Thread 0x0000020daa328b20 9621       1       java.io.FilterOutputStream::write (9 bytes)
Event: 759.474 Thread 0x0000020daa328b20 nmethod 9621 0x0000020da0cccb10 code [0x0000020da0ccccc0, 0x0000020da0cccda8]
Event: 759.474 Thread 0x0000020daa328b20 9623       1       org.springframework.boot.devtools.livereload.Frame::read (174 bytes)
Event: 759.475 Thread 0x0000020daa328b20 nmethod 9623 0x0000020da0ccb090 code [0x0000020da0ccb340, 0x0000020da0ccbee8]
Event: 759.475 Thread 0x0000020daa328b20 9622       1       java.net.Socket$SocketOutputStream::write (17 bytes)
Event: 759.476 Thread 0x0000020daa328b20 nmethod 9622 0x0000020da0ccac10 code [0x0000020da0ccadc0, 0x0000020da0ccaf48]
Event: 782.868 Thread 0x0000020daa328b20 9624       1       java.lang.invoke.Invokers$Holder::linkToTargetMethod (10 bytes)
Event: 782.868 Thread 0x0000020daa328b20 nmethod 9624 0x0000020da0cca810 code [0x0000020da0cca9c0, 0x0000020da0ccaad8]
Event: 782.868 Thread 0x0000020daa328b20 9626       1       com.vaadin.flow.server.VaadinService::getContext (20 bytes)
Event: 782.869 Thread 0x0000020daa328b20 nmethod 9626 0x0000020da0cca190 code [0x0000020da0cca340, 0x0000020da0cca588]
Event: 782.869 Thread 0x0000020daa328b20 9625       1       org.atmosphere.cpr.Action::type (5 bytes)
Event: 782.869 Thread 0x0000020daa328b20 nmethod 9625 0x0000020da0cc9e90 code [0x0000020da0cca020, 0x0000020da0cca0d8]

GC Heap History (20 events):
Event: 28.218 GC heap before
{Heap before GC invocations=25 (full 0):
 garbage-first heap   total 156672K, used 133379K [0x0000000082a00000, 0x0000000100000000)
  region size 1024K, 89 young (91136K), 5 survivors (5120K)
 Metaspace       used 51765K, committed 52288K, reserved 1114112K
  class space    used 6923K, committed 7168K, reserved 1048576K
}
Event: 28.230 GC heap after
{Heap after GC invocations=26 (full 0):
 garbage-first heap   total 156672K, used 53551K [0x0000000082a00000, 0x0000000100000000)
  region size 1024K, 11 young (11264K), 11 survivors (11264K)
 Metaspace       used 51765K, committed 52288K, reserved 1114112K
  class space    used 6923K, committed 7168K, reserved 1048576K
}
Event: 28.231 GC heap before
{Heap before GC invocations=26 (full 0):
 garbage-first heap   total 156672K, used 54575K [0x0000000082a00000, 0x0000000100000000)
  region size 1024K, 12 young (12288K), 11 survivors (11264K)
 Metaspace       used 51772K, committed 52288K, reserved 1114112K
  class space    used 6924K, committed 7168K, reserved 1048576K
}
Event: 28.242 GC heap after
{Heap after GC invocations=27 (full 0):
 garbage-first heap   total 156672K, used 54299K [0x0000000082a00000, 0x0000000100000000)
  region size 1024K, 2 young (2048K), 2 survivors (2048K)
 Metaspace       used 51772K, committed 52288K, reserved 1114112K
  class space    used 6924K, committed 7168K, reserved 1048576K
}
Event: 29.205 GC heap before
{Heap before GC invocations=27 (full 0):
 garbage-first heap   total 156672K, used 129051K [0x0000000082a00000, 0x0000000100000000)
  region size 1024K, 76 young (77824K), 2 survivors (2048K)
 Metaspace       used 58586K, committed 59008K, reserved 1114112K
  class space    used 7936K, committed 8128K, reserved 1048576K
}
Event: 29.209 GC heap after
{Heap after GC invocations=28 (full 0):
 garbage-first heap   total 156672K, used 54889K [0x0000000082a00000, 0x0000000100000000)
  region size 1024K, 2 young (2048K), 2 survivors (2048K)
 Metaspace       used 58586K, committed 59008K, reserved 1114112K
  class space    used 7936K, committed 8128K, reserved 1048576K
}
Event: 29.612 GC heap before
{Heap before GC invocations=28 (full 0):
 garbage-first heap   total 156672K, used 68201K [0x0000000082a00000, 0x0000000100000000)
  region size 1024K, 16 young (16384K), 2 survivors (2048K)
 Metaspace       used 60714K, committed 61120K, reserved 1114112K
  class space    used 8308K, committed 8512K, reserved 1048576K
}
Event: 29.615 GC heap after
{Heap after GC invocations=29 (full 0):
 garbage-first heap   total 156672K, used 55352K [0x0000000082a00000, 0x0000000100000000)
  region size 1024K, 3 young (3072K), 3 survivors (3072K)
 Metaspace       used 60714K, committed 61120K, reserved 1114112K
  class space    used 8308K, committed 8512K, reserved 1048576K
}
Event: 31.282 GC heap before
{Heap before GC invocations=30 (full 0):
 garbage-first heap   total 156672K, used 129080K [0x0000000082a00000, 0x0000000100000000)
  region size 1024K, 77 young (78848K), 3 survivors (3072K)
 Metaspace       used 68622K, committed 69184K, reserved 1114112K
  class space    used 9444K, committed 9728K, reserved 1048576K
}
Event: 31.292 GC heap after
{Heap after GC invocations=31 (full 0):
 garbage-first heap   total 156672K, used 58276K [0x0000000082a00000, 0x0000000100000000)
  region size 1024K, 8 young (8192K), 8 survivors (8192K)
 Metaspace       used 68622K, committed 69184K, reserved 1114112K
  class space    used 9444K, committed 9728K, reserved 1048576K
}
Event: 31.320 GC heap before
{Heap before GC invocations=31 (full 0):
 garbage-first heap   total 156672K, used 59300K [0x0000000082a00000, 0x0000000100000000)
  region size 1024K, 9 young (9216K), 8 survivors (8192K)
 Metaspace       used 68765K, committed 69312K, reserved 1114112K
  class space    used 9463K, committed 9728K, reserved 1048576K
}
Event: 31.331 GC heap after
{Heap after GC invocations=32 (full 0):
 garbage-first heap   total 156672K, used 46024K [0x0000000082a00000, 0x0000000100000000)
  region size 1024K, 1 young (1024K), 1 survivors (1024K)
 Metaspace       used 68765K, committed 69312K, reserved 1114112K
  class space    used 9463K, committed 9728K, reserved 1048576K
}
Event: 244.148 GC heap before
{Heap before GC invocations=32 (full 0):
 garbage-first heap   total 156672K, used 126920K [0x0000000082a00000, 0x0000000100000000)
  region size 1024K, 81 young (82944K), 1 survivors (1024K)
 Metaspace       used 78084K, committed 78784K, reserved 1179648K
  class space    used 10707K, committed 11008K, reserved 1048576K
}
Event: 244.156 GC heap after
{Heap after GC invocations=33 (full 0):
 garbage-first heap   total 156672K, used 50193K [0x0000000082a00000, 0x0000000100000000)
  region size 1024K, 6 young (6144K), 6 survivors (6144K)
 Metaspace       used 78084K, committed 78784K, reserved 1179648K
  class space    used 10707K, committed 11008K, reserved 1048576K
}
Event: 277.977 GC heap before
{Heap before GC invocations=33 (full 0):
 garbage-first heap   total 156672K, used 89105K [0x0000000082a00000, 0x0000000100000000)
  region size 1024K, 46 young (47104K), 6 survivors (6144K)
 Metaspace       used 81426K, committed 82112K, reserved 1179648K
  class space    used 11178K, committed 11520K, reserved 1048576K
}
Event: 277.986 GC heap after
{Heap after GC invocations=34 (full 0):
 garbage-first heap   total 156672K, used 51340K [0x0000000082a00000, 0x0000000100000000)
  region size 1024K, 7 young (7168K), 7 survivors (7168K)
 Metaspace       used 81426K, committed 82112K, reserved 1179648K
  class space    used 11178K, committed 11520K, reserved 1048576K
}
Event: 316.833 GC heap before
{Heap before GC invocations=35 (full 0):
 garbage-first heap   total 156672K, used 154764K [0x0000000082a00000, 0x0000000100000000)
  region size 1024K, 39 young (39936K), 7 survivors (7168K)
 Metaspace       used 82052K, committed 82624K, reserved 1179648K
  class space    used 11295K, committed 11584K, reserved 1048576K
}
Event: 316.842 GC heap after
{Heap after GC invocations=36 (full 0):
 garbage-first heap   total 163840K, used 51933K [0x0000000082a00000, 0x0000000100000000)
  region size 1024K, 3 young (3072K), 3 survivors (3072K)
 Metaspace       used 82052K, committed 82624K, reserved 1179648K
  class space    used 11295K, committed 11584K, reserved 1048576K
}
Event: 316.938 GC heap before
{Heap before GC invocations=36 (full 0):
 garbage-first heap   total 163840K, used 57053K [0x0000000082a00000, 0x0000000100000000)
  region size 1024K, 8 young (8192K), 3 survivors (3072K)
 Metaspace       used 82569K, committed 83200K, reserved 1179648K
  class space    used 11406K, committed 11712K, reserved 1048576K
}
Event: 316.944 GC heap after
{Heap after GC invocations=37 (full 0):
 garbage-first heap   total 163840K, used 47942K [0x0000000082a00000, 0x0000000100000000)
  region size 1024K, 1 young (1024K), 1 survivors (1024K)
 Metaspace       used 82569K, committed 83200K, reserved 1179648K
  class space    used 11406K, committed 11712K, reserved 1048576K
}

Dll operation events (15 events):
Event: 0.017 Loaded shared library C:\Users\rip\.jdks\openjdk-19.0.2\bin\java.dll
Event: 0.030 Loaded shared library C:\Users\rip\.jdks\openjdk-19.0.2\bin\jsvml.dll
Event: 0.470 Loaded shared library C:\Users\rip\.jdks\openjdk-19.0.2\bin\zip.dll
Event: 0.475 Loaded shared library C:\Users\rip\.jdks\openjdk-19.0.2\bin\instrument.dll
Event: 0.499 Loaded shared library C:\Users\rip\.jdks\openjdk-19.0.2\bin\net.dll
Event: 0.501 Loaded shared library C:\Users\rip\.jdks\openjdk-19.0.2\bin\nio.dll
Event: 0.619 Loaded shared library C:\Users\rip\.jdks\openjdk-19.0.2\bin\zip.dll
Event: 1.472 Loaded shared library C:\Users\rip\.jdks\openjdk-19.0.2\bin\jimage.dll
Event: 11.082 Loaded shared library C:\Program Files\JetBrains\IntelliJ IDEA 2022.2.1\bin\breakgen64.dll
Event: 11.114 Loaded shared library C:\Users\rip\.jdks\openjdk-19.0.2\bin\extnet.dll
Event: 11.169 Loaded shared library C:\Users\rip\.jdks\openjdk-19.0.2\bin\management.dll
Event: 11.197 Loaded shared library C:\Users\rip\.jdks\openjdk-19.0.2\bin\management_ext.dll
Event: 11.747 Loaded shared library C:\Users\rip\.jdks\openjdk-19.0.2\bin\verify.dll
Event: 17.656 Loaded shared library C:\Users\rip\.jdks\openjdk-19.0.2\bin\sunmscapi.dll
Event: 625.314 Loaded shared library C:\Users\rip\AppData\Local\Temp\libasyncProfiler.dll

Deoptimization events (18 events):
Event: 11.444 Thread 0x0000020d966c87f0 DEOPT PACKING pc=0x0000020d9ff716d5 sp=0x0000003533afd1c0
Event: 11.444 Thread 0x0000020d966c87f0 DEOPT UNPACKING pc=0x0000020d9fe27543 sp=0x0000003533afc670 mode 3
Event: 11.475 Thread 0x0000020d966c87f0 DEOPT PACKING pc=0x0000020d9ff5a250 sp=0x0000003533afd190
Event: 11.475 Thread 0x0000020d966c87f0 DEOPT UNPACKING pc=0x0000020d9fe27543 sp=0x0000003533afc648 mode 3
Event: 13.681 Thread 0x0000020daf66c7b0 DEOPT PACKING pc=0x0000020da03679b9 sp=0x00000035354fd000
Event: 13.681 Thread 0x0000020daf66c7b0 DEOPT UNPACKING pc=0x0000020d9fe27543 sp=0x00000035354fc4e0 mode 3
Event: 15.938 Thread 0x0000020daf66c7b0 DEOPT PACKING pc=0x0000020da0398aa4 sp=0x00000035354fd480
Event: 15.938 Thread 0x0000020daf66c7b0 DEOPT UNPACKING pc=0x0000020d9fe27543 sp=0x00000035354fc9d8 mode 0
Event: 18.005 Thread 0x0000020daf66c7b0 DEOPT PACKING pc=0x0000020da0669539 sp=0x00000035354fbee0
Event: 18.005 Thread 0x0000020daf66c7b0 DEOPT UNPACKING pc=0x0000020d9fe27543 sp=0x00000035354fb3c0 mode 3
Event: 18.325 Thread 0x0000020daa2efa70 DEOPT PACKING pc=0x0000020da03606f4 sp=0x00000035349ff470
Event: 18.325 Thread 0x0000020daa2efa70 DEOPT UNPACKING pc=0x0000020d9fe27543 sp=0x00000035349fe9b8 mode 0
Event: 26.011 Thread 0x0000020db09e3de0 DEOPT PACKING pc=0x0000020da0142d9d sp=0x00000035350fdf80
Event: 26.011 Thread 0x0000020db09e3de0 DEOPT UNPACKING pc=0x0000020d9fe27543 sp=0x00000035350fd500 mode 3
Event: 26.030 Thread 0x0000020db09e3de0 DEOPT PACKING pc=0x0000020da03533c2 sp=0x00000035350fe420
Event: 26.030 Thread 0x0000020db09e3de0 DEOPT UNPACKING pc=0x0000020d9fe27543 sp=0x00000035350fd928 mode 3
Event: 27.531 Thread 0x0000020db09e3de0 DEOPT PACKING pc=0x0000020da0152d1e sp=0x00000035350fe4b0
Event: 27.531 Thread 0x0000020db09e3de0 DEOPT UNPACKING pc=0x0000020d9fe27543 sp=0x00000035350fd9b8 mode 3

Classes loaded (20 events):
Event: 316.760 Loading class com/sun/beans/finder/BeanInfoFinder
Event: 316.760 Loading class com/sun/beans/finder/InstanceFinder
Event: 316.761 Loading class com/sun/beans/finder/InstanceFinder done
Event: 316.761 Loading class com/sun/beans/finder/BeanInfoFinder done
Event: 316.762 Loading class java/lang/ObjectBeanInfo
Event: 316.762 Loading class java/lang/ObjectBeanInfo done
Event: 316.763 Loading class java/lang/ObjectBeanInfo
Event: 316.763 Loading class java/lang/ObjectBeanInfo done
Event: 316.763 Loading class java/lang/ObjectCustomizer
Event: 316.763 Loading class java/lang/ObjectCustomizer done
Event: 316.763 Loading class java/lang/ObjectCustomizer
Event: 316.763 Loading class java/lang/ObjectCustomizer done
Event: 316.886 Loading class java/util/stream/ReduceOps$4
Event: 316.886 Loading class java/util/stream/ReduceOps$4 done
Event: 316.886 Loading class java/util/stream/ReduceOps$4ReducingSink
Event: 316.887 Loading class java/util/stream/ReduceOps$4ReducingSink done
Event: 316.924 Loading class java/text/ParsePosition
Event: 316.925 Loading class java/text/ParsePosition done
Event: 783.262 Loading class jdk/internal/misc/Signal$1
Event: 783.263 Loading class jdk/internal/misc/Signal$1 done

Classes unloaded (20 events):
Event: 278.097 Thread 0x0000020daa301350 Unloading class 0x00000008010c1400 'jdk/internal/reflect/GeneratedSerializationConstructorAccessor2'
Event: 278.098 Thread 0x0000020daa301350 Unloading class 0x00000008010c1000 'jdk/internal/reflect/GeneratedSerializationConstructorAccessor1'
Event: 278.098 Thread 0x0000020daa301350 Unloading class 0x00000008010c0000 'java/lang/invoke/LambdaForm$DMH+0x00000008010c0000'
Event: 278.098 Thread 0x0000020daa301350 Unloading class 0x000000080100d800 'java/lang/invoke/LambdaForm$DMH+0x000000080100d800'
Event: 278.098 Thread 0x0000020daa301350 Unloading class 0x000000080100d000 'java/lang/invoke/LambdaForm$MH+0x000000080100d000'
Event: 278.098 Thread 0x0000020daa301350 Unloading class 0x000000080100cc00 'java/lang/invoke/LambdaForm$DMH+0x000000080100cc00'
Event: 278.098 Thread 0x0000020daa301350 Unloading class 0x000000080100c800 'java/lang/invoke/LambdaForm$DMH+0x000000080100c800'
Event: 278.098 Thread 0x0000020daa301350 Unloading class 0x000000080100bc00 'java/lang/invoke/LambdaForm$MH+0x000000080100bc00'
Event: 278.098 Thread 0x0000020daa301350 Unloading class 0x000000080100b000 'java/lang/invoke/LambdaForm$MH+0x000000080100b000'
Event: 278.098 Thread 0x0000020daa301350 Unloading class 0x000000080100ac00 'java/lang/invoke/LambdaForm$MH+0x000000080100ac00'
Event: 278.098 Thread 0x0000020daa301350 Unloading class 0x000000080100a800 'java/lang/invoke/LambdaForm$MH+0x000000080100a800'
Event: 278.098 Thread 0x0000020daa301350 Unloading class 0x000000080100a000 'java/lang/invoke/LambdaForm$MH+0x000000080100a000'
Event: 278.098 Thread 0x0000020daa301350 Unloading class 0x0000000801009400 'java/lang/invoke/LambdaForm$MH+0x0000000801009400'
Event: 278.098 Thread 0x0000020daa301350 Unloading class 0x0000000801008000 'java/lang/invoke/LambdaForm$MH+0x0000000801008000'
Event: 278.098 Thread 0x0000020daa301350 Unloading class 0x0000000801007c00 'java/lang/invoke/LambdaForm$MH+0x0000000801007c00'
Event: 278.098 Thread 0x0000020daa301350 Unloading class 0x0000000801007400 'java/lang/invoke/LambdaForm$MH+0x0000000801007400'
Event: 278.098 Thread 0x0000020daa301350 Unloading class 0x0000000801003400 'java/lang/invoke/LambdaForm$MH+0x0000000801003400'
Event: 278.098 Thread 0x0000020daa301350 Unloading class 0x0000000801003000 'java/lang/invoke/LambdaForm$MH+0x0000000801003000'
Event: 278.098 Thread 0x0000020daa301350 Unloading class 0x0000000801002c00 'java/lang/invoke/LambdaForm$MH+0x0000000801002c00'
Event: 278.098 Thread 0x0000020daa301350 Unloading class 0x0000000801002400 'java/lang/invoke/LambdaForm$MH+0x0000000801002400'

Classes redefined (0 events):
No events

Internal exceptions (20 events):
Event: 291.361 Thread 0x0000020db168d050 Exception <a 'java/lang/NoSuchMethodError'{0x000000008b9d0008}: 'java.lang.Object java.lang.invoke.DirectMethodHandle$Holder.invokeSpecial(java.lang.Object, java.lang.Object, int, java.lang.Object, java.lang.Object)'> (0x000000008b9d0008) 
thrown [s\open\src\hotspot\share\interpreter\linkResolver.cpp, line 774]
Event: 298.532 Thread 0x0000020db1692aa0 NullPointerException in IC check 0x0000020da0788ec0
Event: 298.541 Thread 0x0000020db1692aa0 Exception <a 'java/lang/NullPointerException'{0x000000008b1751b8}> (0x000000008b1751b8) 
thrown [s\open\src\hotspot\share\runtime\sharedRuntime.cpp, line 630]
Event: 316.753 Thread 0x0000020db168d050 Exception <a 'java/lang/NoSuchMethodError'{0x000000008a8cad58}: 'java.lang.Object java.lang.invoke.DirectMethodHandle$Holder.newInvokeSpecial(java.lang.Object, java.lang.Object, java.lang.Object, java.lang.Object, java.lang.Object, java.lang.Object, java.lang.Object)'> (0x000000008a8cad58) 
thrown [s\open\src\hotspot\share\interpreter\linkResolver.cpp, line 774]
Event: 316.762 Thread 0x0000020db168d050 Exception <a 'java/lang/ClassNotFoundException'{0x000000008a73cc38}: com/example/diplom/model/modelGoodBeanInfo> (0x000000008a73cc38) 
thrown [s\open\src\hotspot\share\classfile\systemDictionary.cpp, line 255]
Event: 316.763 Thread 0x0000020db168d050 Exception <a 'java/lang/ClassNotFoundException'{0x000000008a742b58}: java/lang/ObjectBeanInfo> (0x000000008a742b58) 
thrown [s\open\src\hotspot\share\classfile\systemDictionary.cpp, line 255]
Event: 316.763 Thread 0x0000020db168d050 Exception <a 'java/lang/ClassNotFoundException'{0x000000008a748818}: java/lang/ObjectCustomizer> (0x000000008a748818) 
thrown [s\open\src\hotspot\share\classfile\systemDictionary.cpp, line 255]
Event: 316.764 Thread 0x0000020db168d050 Exception <a 'java/lang/ClassNotFoundException'{0x000000008a756f70}: com/example/diplom/model/modelGoodCustomizer> (0x000000008a756f70) 
thrown [s\open\src\hotspot\share\classfile\systemDictionary.cpp, line 255]
Event: 316.798 Thread 0x0000020db168d050 Exception <a 'java/lang/IncompatibleClassChangeError'{0x000000008a5958f0}: Found class java.lang.Object, but interface was expected> (0x000000008a5958f0) 
thrown [s\open\src\hotspot\share\interpreter\linkResolver.cpp, line 841]
Event: 316.828 Thread 0x0000020db168d050 Exception <a 'java/lang/IncompatibleClassChangeError'{0x000000008a3aa928}: Found class java.lang.Object, but interface was expected> (0x000000008a3aa928) 
thrown [s\open\src\hotspot\share\interpreter\linkResolver.cpp, line 841]
Event: 316.901 Thread 0x0000020db168d050 Exception <a 'java/lang/NoSuchMethodError'{0x000000008c095608}: 'java.lang.Object java.lang.invoke.DirectMethodHandle$Holder.newInvokeSpecial(java.lang.Object, java.lang.Object, java.lang.Object, java.lang.Object, java.lang.Object, java.lang.Object, java.lang.Object, java.lang.Object, java.lang.Object, java.lang.Object)'> (0x000000008c095608) 
thrown [s\open\src\hotspot\share\interpreter\linkResolver.cpp, line 774]
Event: 316.903 Thread 0x0000020db168d050 Exception <a 'java/lang/NoSuchMethodError'{0x000000008c0e50b8}: 'java.lang.Object java.lang.invoke.DirectMethodHandle$Holder.newInvokeSpecial(java.lang.Object, java.lang.Object, java.lang.Object, java.lang.Object, java.lang.Object, java.lang.Object, java.lang.Object, java.lang.Object, java.lang.Object)'> (0x000000008c0e50b8) 
thrown [s\open\src\hotspot\share\interpreter\linkResolver.cpp, line 774]
Event: 316.915 Thread 0x0000020db168d050 Exception <a 'java/lang/NoSuchMethodError'{0x000000008bfe5b68}: 'double java.lang.invoke.DirectMethodHandle$Holder.invokeVirtual(java.lang.Object, java.lang.Object)'> (0x000000008bfe5b68) 
thrown [s\open\src\hotspot\share\interpreter\linkResolver.cpp, line 774]
Event: 316.916 Thread 0x0000020db168d050 Exception <a 'java/lang/NoSuchMethodError'{0x000000008bfeddb8}: 'void java.lang.invoke.DirectMethodHandle$Holder.invokeVirtual(java.lang.Object, java.lang.Object, double)'> (0x000000008bfeddb8) 
thrown [s\open\src\hotspot\share\interpreter\linkResolver.cpp, line 774]
Event: 316.921 Thread 0x0000020db168d050 Exception <a 'java/lang/NoSuchMethodError'{0x000000008be5b438}: 'java.lang.Object java.lang.invoke.DirectMethodHandle$Holder.newInvokeSpecial(java.lang.Object, java.lang.Object, java.lang.Object, int)'> (0x000000008be5b438) 
thrown [s\open\src\hotspot\share\interpreter\linkResolver.cpp, line 774]
Event: 316.921 Thread 0x0000020db168d050 Exception <a 'java/lang/NoSuchMethodError'{0x000000008be60018}: 'java.lang.Object java.lang.invoke.DirectMethodHandle$Holder.invokeSpecial(java.lang.Object, java.lang.Object, java.lang.Object, java.lang.Object, int)'> (0x000000008be60018) 
thrown [s\open\src\hotspot\share\interpreter\linkResolver.cpp, line 774]
Event: 316.921 Thread 0x0000020db168d050 Exception <a 'java/lang/NoSuchMethodError'{0x000000008be641f0}: 'java.lang.Object java.lang.invoke.Invokers$Holder.linkToTargetMethod(java.lang.Object, java.lang.Object, int, java.lang.Object)'> (0x000000008be641f0) 
thrown [s\open\src\hotspot\share\interpreter\linkResolver.cpp, line 774]
Event: 316.926 Thread 0x0000020db168d050 Exception <a 'java/lang/IncompatibleClassChangeError'{0x000000008be967a0}: Found class java.lang.Object, but interface was expected> (0x000000008be967a0) 
thrown [s\open\src\hotspot\share\interpreter\linkResolver.cpp, line 841]
Event: 316.926 Thread 0x0000020db168d050 Exception <a 'java/lang/NoSuchMethodError'{0x000000008be9cf88}: 'void java.lang.invoke.DirectMethodHandle$Holder.invokeSpecial(java.lang.Object, java.lang.Object, int, java.lang.Object)'> (0x000000008be9cf88) 
thrown [s\open\src\hotspot\share\interpreter\linkResolver.cpp, line 774]
Event: 625.320 Thread 0x0000020daa3231c0 Exception <a 'java/lang/IllegalArgumentException'{0x000000008acb2870}: Unknown argument 'foldmultilines' in diagnostic command.> (0x000000008acb2870) 
thrown [s\open\src\hotspot\share\services\diagnosticFramework.cpp, line 215]

VM Operations (20 events):
Event: 312.406 Executing VM operation: Cleanup
Event: 312.406 Executing VM operation: Cleanup done
Event: 316.833 Executing VM operation: G1CollectForAllocation
Event: 316.842 Executing VM operation: G1CollectForAllocation done
Event: 316.938 Executing VM operation: G1CollectForAllocation
Event: 316.944 Executing VM operation: G1CollectForAllocation done
Event: 317.945 Executing VM operation: Cleanup
Event: 317.945 Executing VM operation: Cleanup done
Event: 319.949 Executing VM operation: Cleanup
Event: 319.949 Executing VM operation: Cleanup done
Event: 375.273 Executing VM operation: Cleanup
Event: 375.273 Executing VM operation: Cleanup done
Event: 442.712 Executing VM operation: Cleanup
Event: 442.712 Executing VM operation: Cleanup done
Event: 500.070 Executing VM operation: Cleanup
Event: 500.070 Executing VM operation: Cleanup done
Event: 557.439 Executing VM operation: Cleanup
Event: 557.440 Executing VM operation: Cleanup done
Event: 683.498 Executing VM operation: Cleanup
Event: 683.498 Executing VM operation: Cleanup done

Events (20 events):
Event: 512.063 Thread 0x0000020db19e9b10 Thread exited: 0x0000020db19e9b10
Event: 512.064 Thread 0x0000020db19ed580 Thread added: 0x0000020db19ed580
Event: 542.072 Thread 0x0000020db19ed580 Thread exited: 0x0000020db19ed580
Event: 542.073 Thread 0x0000020db19eb5a0 Thread added: 0x0000020db19eb5a0
Event: 572.084 Thread 0x0000020db19ea060 Thread exited: 0x0000020db19ea060
Event: 572.085 Thread 0x0000020db19ed580 Thread added: 0x0000020db19ed580
Event: 602.099 Thread 0x0000020db19ed580 Thread exited: 0x0000020db19ed580
Event: 602.099 Thread 0x0000020db19ec590 Thread added: 0x0000020db19ec590
Event: 632.111 Thread 0x0000020db19ec590 Thread exited: 0x0000020db19ec590
Event: 632.111 Thread 0x0000020db19ebaf0 Thread added: 0x0000020db19ebaf0
Event: 662.116 Thread 0x0000020db19eeac0 Thread added: 0x0000020db19eeac0
Event: 662.116 Thread 0x0000020db19eb5a0 Thread exited: 0x0000020db19eb5a0
Event: 692.193 Thread 0x0000020db19e8080 Thread added: 0x0000020db19e8080
Event: 692.193 Thread 0x0000020db19eeac0 Thread exited: 0x0000020db19eeac0
Event: 722.201 Thread 0x0000020db19ec590 Thread added: 0x0000020db19ec590
Event: 722.217 Thread 0x0000020db19e8080 Thread exited: 0x0000020db19e8080
Event: 752.210 Thread 0x0000020db19ebaf0 Thread exited: 0x0000020db19ebaf0
Event: 752.211 Thread 0x0000020db19ecae0 Thread added: 0x0000020db19ecae0
Event: 782.221 Thread 0x0000020db19ec590 Thread exited: 0x0000020db19ec590
Event: 782.222 Thread 0x0000020db19e9b10 Thread added: 0x0000020db19e9b10


Dynamic libraries:
0x00007ff62a2c0000 - 0x00007ff62a2ce000 	C:\Users\rip\.jdks\openjdk-19.0.2\bin\java.exe
0x00007ffc5f390000 - 0x00007ffc5f588000 	C:\Windows\SYSTEM32\ntdll.dll
0x00007ffc5f030000 - 0x00007ffc5f0ef000 	C:\Windows\System32\KERNEL32.DLL
0x00007ffc5cb10000 - 0x00007ffc5cde2000 	C:\Windows\System32\KERNELBASE.dll
0x00007ffc5d270000 - 0x00007ffc5d370000 	C:\Windows\System32\ucrtbase.dll
0x00007ffc1b9d0000 - 0x00007ffc1b9e7000 	C:\Users\rip\.jdks\openjdk-19.0.2\bin\jli.dll
0x00007ffc5ee80000 - 0x00007ffc5f021000 	C:\Windows\System32\USER32.dll
0x00007ffc5cae0000 - 0x00007ffc5cb02000 	C:\Windows\System32\win32u.dll
0x00007ffc5ec10000 - 0x00007ffc5ec3b000 	C:\Windows\System32\GDI32.dll
0x00007ffc5cf80000 - 0x00007ffc5d08f000 	C:\Windows\System32\gdi32full.dll
0x00007ffc5d1d0000 - 0x00007ffc5d26d000 	C:\Windows\System32\msvcp_win.dll
0x00007ffc1c8c0000 - 0x00007ffc1c8db000 	C:\Users\rip\.jdks\openjdk-19.0.2\bin\VCRUNTIME140.dll
0x00007ffc5be10000 - 0x00007ffc5c0aa000 	C:\Windows\WinSxS\amd64_microsoft.windows.common-controls_6595b64144ccf1df_6.0.19041.1110_none_60b5254171f9507e\COMCTL32.dll
0x00007ffc5f240000 - 0x00007ffc5f2de000 	C:\Windows\System32\msvcrt.dll
0x00007ffc5f210000 - 0x00007ffc5f240000 	C:\Windows\System32\IMM32.DLL
0x00007ffc52830000 - 0x00007ffc5283c000 	C:\Users\rip\.jdks\openjdk-19.0.2\bin\vcruntime140_1.dll
0x00007ffc07a40000 - 0x00007ffc07ace000 	C:\Users\rip\.jdks\openjdk-19.0.2\bin\msvcp140.dll
0x00007ffbd8190000 - 0x00007ffbd8e50000 	C:\Users\rip\.jdks\openjdk-19.0.2\bin\server\jvm.dll
0x00007ffc5dad0000 - 0x00007ffc5db7e000 	C:\Windows\System32\ADVAPI32.dll
0x00007ffc5ddc0000 - 0x00007ffc5de5c000 	C:\Windows\System32\sechost.dll
0x00007ffc5d400000 - 0x00007ffc5d524000 	C:\Windows\System32\RPCRT4.dll
0x00007ffc31370000 - 0x00007ffc31379000 	C:\Windows\SYSTEM32\WSOCK32.dll
0x00007ffc5f2e0000 - 0x00007ffc5f34b000 	C:\Windows\System32\WS2_32.dll
0x00007ffc37620000 - 0x00007ffc37647000 	C:\Windows\SYSTEM32\WINMM.dll
0x00007ffc529a0000 - 0x00007ffc529aa000 	C:\Windows\SYSTEM32\VERSION.dll
0x00007ffc5ac10000 - 0x00007ffc5ac22000 	C:\Windows\SYSTEM32\kernel.appcore.dll
0x00007ffc52740000 - 0x00007ffc5274a000 	C:\Users\rip\.jdks\openjdk-19.0.2\bin\jimage.dll
0x00007ffc5c3a0000 - 0x00007ffc5c584000 	C:\Windows\SYSTEM32\DBGHELP.DLL
0x00007ffc5c360000 - 0x00007ffc5c395000 	C:\Windows\SYSTEM32\dbgcore.DLL
0x00007ffc5d090000 - 0x00007ffc5d112000 	C:\Windows\System32\bcryptPrimitives.dll
0x00007ffc3fd20000 - 0x00007ffc3fd2e000 	C:\Users\rip\.jdks\openjdk-19.0.2\bin\instrument.dll
0x00007ffc0bc40000 - 0x00007ffc0bc66000 	C:\Users\rip\.jdks\openjdk-19.0.2\bin\java.dll
0x00007ffbee520000 - 0x00007ffbee5f7000 	C:\Users\rip\.jdks\openjdk-19.0.2\bin\jsvml.dll
0x00007ffc5e280000 - 0x00007ffc5e9c5000 	C:\Windows\System32\SHELL32.dll
0x00007ffc56c90000 - 0x00007ffc57422000 	C:\Windows\SYSTEM32\windows.storage.dll
0x00007ffc5df20000 - 0x00007ffc5e275000 	C:\Windows\System32\combase.dll
0x00007ffc5bca0000 - 0x00007ffc5bcd0000 	C:\Windows\SYSTEM32\Wldp.dll
0x00007ffc5eb00000 - 0x00007ffc5ebad000 	C:\Windows\System32\SHCORE.dll
0x00007ffc5ebb0000 - 0x00007ffc5ec05000 	C:\Windows\System32\shlwapi.dll
0x00007ffc5c9d0000 - 0x00007ffc5c9ef000 	C:\Windows\SYSTEM32\profapi.dll
0x00007ffc0bc20000 - 0x00007ffc0bc38000 	C:\Users\rip\.jdks\openjdk-19.0.2\bin\zip.dll
0x00007ffc15f90000 - 0x00007ffc15fa3000 	C:\Users\rip\.jdks\openjdk-19.0.2\bin\net.dll
0x00007ffc4ab30000 - 0x00007ffc4ac3a000 	C:\Windows\SYSTEM32\WINHTTP.dll
0x00007ffc5ba80000 - 0x00007ffc5baea000 	C:\Windows\system32\mswsock.dll
0x00007ffc0c180000 - 0x00007ffc0c196000 	C:\Users\rip\.jdks\openjdk-19.0.2\bin\nio.dll
0x00007ffc0bc00000 - 0x00007ffc0bc1a000 	C:\Program Files\JetBrains\IntelliJ IDEA 2022.2.1\bin\breakgen64.dll
0x00007ffc37310000 - 0x00007ffc37318000 	C:\Users\rip\.jdks\openjdk-19.0.2\bin\extnet.dll
0x00007ffc5b7d0000 - 0x00007ffc5b89b000 	C:\Windows\SYSTEM32\DNSAPI.dll
0x00007ffc5b790000 - 0x00007ffc5b7cb000 	C:\Windows\SYSTEM32\IPHLPAPI.DLL
0x00007ffc5eae0000 - 0x00007ffc5eae8000 	C:\Windows\System32\NSI.dll
0x00007ffc46a60000 - 0x00007ffc46a6a000 	C:\Windows\System32\rasadhlp.dll
0x00007ffc47240000 - 0x00007ffc472c0000 	C:\Windows\System32\fwpuclnt.dll
0x00007ffc5cf50000 - 0x00007ffc5cf77000 	C:\Windows\System32\bcrypt.dll
0x00007ffc3fa30000 - 0x00007ffc3fa3a000 	C:\Users\rip\.jdks\openjdk-19.0.2\bin\management.dll
0x00007ffc3f880000 - 0x00007ffc3f88b000 	C:\Users\rip\.jdks\openjdk-19.0.2\bin\management_ext.dll
0x00007ffc5ddb0000 - 0x00007ffc5ddb8000 	C:\Windows\System32\PSAPI.DLL
0x00007ffc5c7a0000 - 0x00007ffc5c7b8000 	C:\Windows\SYSTEM32\CRYPTSP.dll
0x00007ffc5b420000 - 0x00007ffc5b454000 	C:\Windows\system32\rsaenh.dll
0x00007ffc5c990000 - 0x00007ffc5c9be000 	C:\Windows\SYSTEM32\USERENV.dll
0x00007ffc5bc10000 - 0x00007ffc5bc1c000 	C:\Windows\SYSTEM32\CRYPTBASE.dll
0x00007ffc48d20000 - 0x00007ffc48d37000 	C:\Windows\SYSTEM32\dhcpcsvc6.DLL
0x00007ffc4ac40000 - 0x00007ffc4ac5d000 	C:\Windows\SYSTEM32\dhcpcsvc.DLL
0x00007ffc372f0000 - 0x00007ffc37307000 	C:\Windows\system32\napinsp.dll
0x00007ffc372d0000 - 0x00007ffc372eb000 	C:\Windows\system32\pnrpnsp.dll
0x00007ffc1f3d0000 - 0x00007ffc1f3e5000 	C:\Windows\system32\wshbth.dll
0x00007ffc54170000 - 0x00007ffc5418d000 	C:\Windows\system32\NLAapi.dll
0x00007ffc372b0000 - 0x00007ffc372c2000 	C:\Windows\System32\winrnr.dll
0x00007ffc3fab0000 - 0x00007ffc3fac0000 	C:\Users\rip\.jdks\openjdk-19.0.2\bin\verify.dll
0x00007ffc374f0000 - 0x00007ffc374fe000 	C:\Users\rip\.jdks\openjdk-19.0.2\bin\sunmscapi.dll
0x00007ffc5cdf0000 - 0x00007ffc5cf46000 	C:\Windows\System32\CRYPT32.dll
0x00007ffc5bde0000 - 0x00007ffc5be07000 	C:\Windows\SYSTEM32\ncrypt.dll
0x00007ffc5bda0000 - 0x00007ffc5bddb000 	C:\Windows\SYSTEM32\NTASN1.dll
0x00007ffc1c8b0000 - 0x00007ffc1c8b7000 	C:\Windows\system32\wshunix.dll

dbghelp: loaded successfully - version: 4.0.5 - missing functions: none
symbol engine: initialized successfully - sym options: 0x614 - pdb path: .;C:\Users\rip\.jdks\openjdk-19.0.2\bin;C:\Windows\SYSTEM32;C:\Windows\WinSxS\amd64_microsoft.windows.common-controls_6595b64144ccf1df_6.0.19041.1110_none_60b5254171f9507e;C:\Users\rip\.jdks\openjdk-19.0.2\bin\server;C:\Program Files\JetBrains\IntelliJ IDEA 2022.2.1\bin;C:\Users\rip\AppData\Local\Temp

VM Arguments:
jvm_args: -XX:TieredStopAtLevel=1 -Dspring.output.ansi.enabled=always -Dcom.sun.management.jmxremote -Dspring.jmx.enabled=true -Dspring.liveBeansView.mbeanDomain -Dspring.application.admin.enabled=true -javaagent:C:\Program Files\JetBrains\IntelliJ IDEA 2022.2.1\lib\idea_rt.jar=57014:C:\Program Files\JetBrains\IntelliJ IDEA 2022.2.1\bin -Dfile.encoding=UTF-8 -Dsun.stdout.encoding=UTF-8 -Dsun.stderr.encoding=UTF-8 
java_command: com.example.diplom.DiplomApplication
java_class_path (initial): C:\Users\rip\Desktop\diplom\Diplom\target\classes;C:\Users\rip\.m2\repository\org\springframework\boot\spring-boot-starter-data-jdbc\2.7.9\spring-boot-starter-data-jdbc-2.7.9.jar;C:\Users\rip\.m2\repository\org\springframework\data\spring-data-jdbc\2.4.8\spring-data-jdbc-2.4.8.jar;C:\Users\rip\.m2\repository\org\springframework\data\spring-data-relational\2.4.8\spring-data-relational-2.4.8.jar;C:\Users\rip\.m2\repository\org\springframework\data\spring-data-commons\2.7.8\spring-data-commons-2.7.8.jar;C:\Users\rip\.m2\repository\org\springframework\spring-tx\5.3.25\spring-tx-5.3.25.jar;C:\Users\rip\.m2\repository\org\springframework\spring-context\5.3.25\spring-context-5.3.25.jar;C:\Users\rip\.m2\repository\org\springframework\spring-beans\5.3.25\spring-beans-5.3.25.jar;C:\Users\rip\.m2\repository\org\springframework\boot\spring-boot-starter-jdbc\2.7.9\spring-boot-starter-jdbc-2.7.9.jar;C:\Users\rip\.m2\repository\org\springframework\boot\spring-boot-starter\2.7.9\spring-boot-starter-2.7.9.jar;C:\Users\rip\.m2\repository\org\springframework\boot\spring-boot-starter-logging\2.7.9\spring-boot-starter-logging-2.7.9.jar;C:\Users\rip\.m2\repository\ch\qos\logback\logback-classic\1.2.11\logback-classic-1.2.11.jar;C:\Users\rip\.m2\repository\ch\qos\logback\logback-core\1.2.11\logback-core-1.2.11.jar;C:\Users\rip\.m2\repository\org\apache\logging\log4j\log4j-to-slf4j\2.17.2\log4j-to-slf4j-2.17.2.jar;C:\Users\rip\.m2\repository\org\apache\logging\log4j\log4j-api\2.17.2\log4j-api-2.17.2.jar;C:\Users\rip\.m2\repository\org\slf4j\jul-to-slf4j\1.7.36\jul-to-slf4j-1.7.36.jar;C:\Users\rip\.m2\repository\jakarta\annotation\jakarta.annotation-api\1.3.5\jakarta.annotation-api-1.3.5.jar;C:\Users\rip\.m2\repository\org\yaml\snakeyaml\1.30\snakeyaml-1.30.jar;C:\Users\rip\.m2\repository\com\zaxxer\HikariCP\4.0.3\HikariCP-4.0.3.jar;C:\Users\rip\.m2\repository\org\springframework\spring-jdbc\5.3.25\spring-jdbc-5.3.25.jar;C:\Users\rip\.m2\repository\org\springframework\boot\spring-boot-starter-security\2.7.9\spring-boot-starter-security-2.7.9.jar;C:\Users\rip\.m2\repository\org\springframework\spring-aop\5.3.25\spring-aop-5.3.25.jar;C:\Users\rip\.m2\repository\org\springframework\security\spring-security-config\5.7.7\spring-security-config-5.7.7.jar;C:\Users\rip\.m2\repository\org\springframework\security\spring-security-web\5.7.7\spring-security-web-5.7.7.jar;C:\Users\rip\.m2\repository\org\springframework\spring-expression\5.3.25\spring-expression-5.3.25.jar;C:\Users\rip\.m2\repository\org\springframework\boot\spring-boot-starter-thymeleaf\2.7.9\spring-boot-starter-thymeleaf-2.7.9.jar;C:\Users\rip\.m2\repository\org\thymeleaf\thymeleaf-spring5\3.0.15.RELEASE\thymeleaf-spring5-3.0.15.RELEASE.jar;C:\Users\rip\.m2\repository\org\thymeleaf\thymeleaf\3.0.15.RELEASE\thymeleaf-3.0.15.RELEASE.jar;C:\Users\rip\.m2\repository\org\attoparser\attoparser\2.0.5.RELEASE\attoparser-2.0.5.RELEASE.jar;C:\Users\rip\.m2\repository\org\unbescape\unbescape\1.1.6.RELEASE\unbescape-1.1.6.RELEASE.jar;C:\Users\rip\.m2\repository\org\thymeleaf\extras\thymeleaf-extras-java8time\3.0.4.RELEASE\thymeleaf-extras-java8time-3.0.4.RELEASE.jar;C:\Users\rip\.m2\repository\org\springframework\boot\spring-boot-starter-validation\2.7.9\spring-boot-starter-validation-2.7.9.jar;C:\Users\rip\.m2\repository\org\apache\tomcat\embed\tomcat-embed-el\9.0.71\tomcat-embed-el-9.0.71.jar;C:\Users\rip\.m2\repository\org\hibernate\validator\hibernate-validator\6.2.5.Final\hibernate-validator-6.2.5.Final.jar;C:\Users\rip\.m2\repository\jakarta\validation\jakarta.validation-api\2.0.2\jakarta.validation-api-2.0.2.jar;C:\Users\rip\.m2\repository\org\jboss\logging\jboss-logging\3.4.3.Final\jboss-logging-3.4.3.Final.jar;C:\Users\rip\.m2\repository\com\fasterxml\classmate\1.5.1\classmate-1.5.1.jar;C:\Users\rip\.m2\repository\org\springframework\boot\spring-boot-starter-web\2.7.9\spring-boot-starter-web-2.7.9.jar;C:\Users\rip\.m2\repository\org\springframework\boot\spring-boot-starter-json\2.7.9\spring-boot-starter-json-2.7.9.jar;C:\Users\rip\.m2\repository\com\fasterxml\jackson\core\jackson-databind\2.13.5\jackson-databind-2.13.5.jar;C:\Users\rip\.m2\repository\com\fasterxml\jackson\core\jackson-annotations\2.13.5\jackson-annotations-2.13.5.jar;C:\Users\rip\.m2\repository\com\fasterxml\jackson\core\jackson-core\2.13.5\jackson-core-2.13.5.jar;C:\Users\rip\.m2\repository\com\fasterxml\jackson\datatype\jackson-datatype-jdk8\2.13.5\jackson-datatype-jdk8-2.13.5.jar;C:\Users\rip\.m2\repository\com\fasterxml\jackson\datatype\jackson-datatype-jsr310\2.13.5\jackson-datatype-jsr310-2.13.5.jar;C:\Users\rip\.m2\repository\com\fasterxml\jackson\module\jackson-module-parameter-names\2.13.5\jackson-module-parameter-names-2.13.5.jar;C:\Users\rip\.m2\repository\org\springframework\boot\spring-boot-starter-tomcat\2.7.9\spring-boot-starter-tomcat-2.7.9.jar;C:\Users\rip\.m2\repository\org\apache\tomcat\embed\tomcat-embed-core\9.0.71\tomcat-embed-core-9.0.71.jar;C:\Users\rip\.m2\repository\org\apache\tomcat\embed\tomcat-embed-websocket\9.0.71\tomcat-embed-websocket-9.0.71.jar;C:\Users\rip\.m2\repository\org\springframework\spring-web\5.3.25\spring-web-5.3.25.jar;C:\Users\rip\.m2\repository\org\springframework\spring-webmvc\5.3.25\spring-webmvc-5.3.25.jar;C:\Users\rip\.m2\repository\com\vaadin\vaadin-spring-boot-starter\23.3.5\vaadin-spring-boot-starter-23.3.5.jar;C:\Users\rip\.m2\repository\com\vaadin\vaadin-spring\23.3.3\vaadin-spring-23.3.3.jar;C:\Users\rip\.m2\repository\com\vaadin\flow-server\23.3.3\flow-server-23.3.3.jar;C:\Users\rip\.m2\repository\com\vaadin\servletdetector\throw-if-servlet5\1.0.2\throw-if-servlet5-1.0.2.jar;C:\Users\rip\.m2\repository\javax\annotation\javax.annotation-api\1.3.2\javax.annotation-api-1.3.2.jar;C:\Users\rip\.m2\repository\com\vaadin\external\gwt\gwt-elemental\2.8.2.vaadin2\gwt-elemental-2.8.2.vaadin2.jar;C:\Users\rip\.m2\repository\commons-fileupload\commons-fileupload\1.4\commons-fileupload-1.4.jar;C:\Users\rip\.m2\repository\commons-io\commons-io\2.11.0\commons-io-2.11.0.jar;C:\Users\rip\.m2\repository\org\jsoup\jsoup\1.15.3\jsoup-1.15.3.jar;C:\Users\rip\.m2\repository\com\helger\ph-css\6.5.0\ph-css-6.5.0.jar;C:\Users\rip\.m2\repository\com\helger\commons\ph-commons\10.1.6\ph-commons-10.1.6.jar;C:\Users\rip\.m2\repository\com\google\code\findbugs\jsr305\3.0.2\jsr305-3.0.2.jar;C:\Users\rip\.m2\repository\com\vaadin\external\gentyref\1.2.0.vaadin1\gentyref-1.2.0.vaadin1.jar;C:\Users\rip\.m2\repository\org\apache\commons\commons-compress\1.22\commons-compress-1.22.jar;C:\Users\rip\.m2\repository\org\apache\httpcomponents\httpclient\4.5.14\httpclient-4.5.14.jar;C:\Users\rip\.m2\repository\org\apache\httpcomponents\httpcore\4.4.16\httpcore-4.4.16.jar;C:\Users\rip\.m2\repository\commons-codec\commons-codec\1.15\commons-codec-1.15.jar;C:\Users\rip\.m2\repository\com\vaadin\flow-push\23.3.3\flow-push-23.3.3.jar;C:\Users\rip\.m2\repository\com\vaadin\external\atmosphere\atmosphere-runtime\2.7.3.slf4jvaadin4\atmosphere-runtime-2.7.3.slf4jvaadin4.jar;C:\Users\rip\.m2\repository\com\vaadin\flow-client\23.3.3\flow-client-23.3.3.jar;C:\Users\rip\.m2\repository\org\springframework\spring-websocket\5.3.25\spring-websocket-5.3.25.jar;C:\Users\rip\.m2\repository\com\vaadin\vaadin-core\23.3.5\vaadin-core-23.3.5.jar;C:\Users\rip\.m2\repository\com\vaadin\vaadin-dev-server\23.3.3\vaadin-dev-server-23.3.3.jar;C:\Users\rip\.m2\repository\com\vaadin\license-checker\1.11.2\license-checker-1.11.2.jar;C:\Users\rip\.m2\repository\com\github\oshi\oshi-core\6.1.6\oshi-core-6.1.6.jar;C:\Users\rip\.m2\repository\net\java\dev\jna\jna\5.11.0\jna-5.11.0.jar;C:\Users\rip\.m2\repository\net\java\dev\jna\jna-platform\5.11.0\jna-platform-5.11.0.jar;C:\Users\rip\.m2\repository\com\nimbusds\nimbus-jose-jwt\9.23\nimbus-jose-jwt-9.23.jar;C:\Users\rip\.m2\repository\org\lucee\jcip-annotations\1.0.0\jcip-annotations-1.0.0.jar;C:\Users\rip\.m2\repository\com\vaadin\open\8.5.0\open-8.5.0.jar;C:\Users\rip\.m2\repository\com\vaadin\flow-lit-template\23.3.3\flow-lit-template-23.3.3.jar;C:\Users\rip\.m2\repository\com\vaadin\flow-polymer-template\23.3.3\flow-polymer-template-23.3.3.jar;C:\Users\rip\.m2\repository\com\vaadin\flow-html-components\23.3.3\flow-html-components-23.3.3.jar;C:\Users\rip\.m2\repository\com\vaadin\flow-data\23.3.3\flow-data-23.3.3.jar;C:\Users\rip\.m2\repository\javax\validation\validation-api\2.0.1.Final\validation-api-2.0.1.Final.jar;C:\Users\rip\.m2\repository\com\vaadin\flow-dnd\23.3.3\flow-dnd-23.3.3.jar;C:\Users\rip\.m2\repository\org\webjars\npm\vaadin__vaadin-mobile-drag-drop\1.0.1\vaadin__vaadin-mobile-drag-drop-1.0.1.jar;C:\Users\rip\.m2\repository\org\webjars\npm\mobile-drag-drop\2.3.0-rc.2\mobile-drag-drop-2.3.0-rc.2.jar;C:\Users\rip\.m2\repository\com\vaadin\vaadin-material-theme\23.3.5\vaadin-material-theme-23.3.5.jar;C:\Users\rip\.m2\repository\com\vaadin\vaadin-accordion-flow\23.3.5\vaadin-accordion-flow-23.3.5.jar;C:\Users\rip\.m2\repository\com\vaadin\vaadin-avatar-flow\23.3.5\vaadin-avatar-flow-23.3.5.jar;C:\Users\rip\.m2\repository\com\vaadin\vaadin-button-flow\23.3.5\vaadin-button-flow-23.3.5.jar;C:\Users\rip\.m2\repository\com\vaadin\vaadin-checkbox-flow\23.3.5\vaadin-checkbox-flow-23.3.5.jar;C:\Users\rip\.m2\repository\com\vaadin\vaadin-combo-box-flow\23.3.5\vaadin-combo-box-flow-23.3.5.jar;C:\Users\rip\.m2\repository\com\vaadin\vaadin-confirm-dialog-flow\23.3.5\vaadin-confirm-dialog-flow-23.3.5.jar;C:\Users\rip\.m2\repository\com\vaadin\vaadin-custom-field-flow\23.3.5\vaadin-custom-field-flow-23.3.5.jar;C:\Users\rip\.m2\repository\com\vaadin\vaadin-date-picker-flow\23.3.5\vaadin-date-picker-flow-23.3.5.jar;C:\Users\rip\.m2\repository\com\vaadin\vaadin-date-time-picker-flow\23.3.5\vaadin-date-time-picker-flow-23.3.5.jar;C:\Users\rip\.m2\repository\com\vaadin\vaadin-details-flow\23.3.5\vaadin-details-flow-23.3.5.jar;C:\Users\rip\.m2\repository\com\vaadin\vaadin-time-picker-flow\23.3.5\vaadin-time-picker-flow-23.3.5.jar;C:\Users\rip\.m2\repository\com\vaadin\vaadin-select-flow\23.3.5\vaadin-select-flow-23.3.5.jar;C:\Users\rip\.m2\repository\com\vaadin\vaadin-dialog-flow\23.3.5\vaadin-dialog-flow-23.3.5.jar;C:\Users\rip\.m2\repository\com\vaadin\vaadin-form-layout-flow\23.3.5\vaadin-form-layout-flow-23.3.5.jar;C:\Users\rip\.m2\repository\com\vaadin\vaadin-field-highlighter-flow\23.3.5\vaadin-field-highlighter-flow-23.3.5.jar;C:\Users\rip\.m2\repository\com\vaadin\vaadin-grid-flow\23.3.5\vaadin-grid-flow-23.3.5.jar;C:\Users\rip\.m2\repository\org\apache\commons\commons-lang3\3.12.0\commons-lang3-3.12.0.jar;C:\Users\rip\.m2\repository\com\vaadin\vaadin-iron-list-flow\23.3.5\vaadin-iron-list-flow-23.3.5.jar;C:\Users\rip\.m2\repository\com\vaadin\vaadin-virtual-list-flow\23.3.5\vaadin-virtual-list-flow-23.3.5.jar;C:\Users\rip\.m2\repository\com\vaadin\vaadin-list-box-flow\23.3.5\vaadin-list-box-flow-23.3.5.jar;C:\Users\rip\.m2\repository\com\vaadin\vaadin-login-flow\23.3.5\vaadin-login-flow-23.3.5.jar;C:\Users\rip\.m2\repository\com\vaadin\vaadin-messages-flow\23.3.5\vaadin-messages-flow-23.3.5.jar;C:\Users\rip\.m2\repository\com\vaadin\vaadin-ordered-layout-flow\23.3.5\vaadin-ordered-layout-flow-23.3.5.jar;C:\Users\rip\.m2\repository\com\vaadin\vaadin-progress-bar-flow\23.3.5\vaadin-progress-bar-flow-23.3.5.jar;C:\Users\rip\.m2\repository\com\vaadin\vaadin-radio-button-flow\23.3.5\vaadin-radio-button-flow-23.3.5.jar;C:\Users\rip\.m2\repository\com\vaadin\vaadin-renderer-flow\23.3.5\vaadin-renderer-flow-23.3.5.jar;C:\Users\rip\.m2\repository\com\vaadin\vaadin-split-layout-flow\23.3.5\vaadin-split-layout-flow-23.3.5.jar;C:\Users\rip\.m2\repository\com\vaadin\vaadin-tabs-flow\23.3.5\vaadin-tabs-flow-23.3.5.jar;C:\Users\rip\.m2\repository\com\vaadin\vaadin-text-field-flow\23.3.5\vaadin-text-field-flow-23.3.5.jar;C:\Users\rip\.m2\repository\com\vaadin\vaadin-upload-flow\23.3.5\vaadin-upload-flow-23.3.5.jar;C:\Users\rip\.m2\repository\com\vaadin\vaadin-notification-flow\23.3.5\vaadin-notification-flow-23.3.5.jar;C:\Users\rip\.m2\repository\com\vaadin\vaadin-app-layout-flow\23.3.5\vaadin-app-layout-flow-23.3.5.jar;C:\Users\rip\.m2\repository\com\vaadin\vaadin-context-menu-flow\23.3.5\vaadin-context-menu-flow-23.3.5.jar;C:\Users\rip\.m2\repository\com\vaadin\vaadin-menu-bar-flow\23.3.5\vaadin-menu-bar-flow-23.3.5.jar;C:\Users\rip\.m2\repository\com\vaadin\vaadin-lumo-theme\23.3.5\vaadin-lumo-theme-23.3.5.jar;C:\Users\rip\.m2\repository\com\vaadin\vaadin-icons-flow\23.3.5\vaadin-icons-flow-23.3.5.jar;C:\Users\rip\.m2\repository\com\vaadin\vaadin-flow-components-base\23.3.5\vaadin-flow-components-base-23.3.5.jar;C:\Users\rip\.m2\repository\org\thymeleaf\extras\thymeleaf-extras-springsecurity5\3.0.5.RELEASE\thymeleaf-extras-springsecurity5-3.0.5.RELEASE.jar;C:\Users\rip\.m2\repository\org\slf4j\slf4j-api\1.7.36\slf4j-api-1.7.36.jar;C:\Users\rip\.m2\repository\org\springframework\boot\spring-boot-devtools\2.7.9\spring-boot-devtools-2.7.9.jar;C:\Users\rip\.m2\repository\org\springframework\boot\spring-boot\2.7.9\spring-boot-2.7.9.jar;C:\Users\rip\.m2\repository\org\springframework\boot\spring-boot-autoconfigure\2.7.9\spring-boot-autoconfigure-2.7.9.jar;C:\Users\rip\.m2\repository\com\mysql\mysql-connector-j\8.0.32\mysql-connector-j-8.0.32.jar;C:\Users\rip\.m2\repository\jakarta\xml\bind\jakarta.xml.bind-api\2.3.3\jakarta.xml.bind-api-2.3.3.jar;C:\Users\rip\.m2\repository\jakarta\activation\jakarta.activation-api\1.2.2\jakarta.activation-api-1.2.2.jar;C:\Users\rip\.m2\repository\net\bytebuddy\byte-buddy\1.12.23\byte-buddy-1.12.23.jar;C:\Users\rip\.m2\repository\org\springframework\spring-core\5.3.25\spring-core-5.3.25.jar;C:\Users\rip\.m2\repository\org\springframework\spring-jcl\5.3.25\spring-jcl-5.3.25.jar;C:\Users\rip\.m2\repository\org\springframework\security\spring-security-core\5.7.7\spring-security-core-5.7.7.jar;C:\Users\rip\.m2\repository\org\springframework\security\spring-security-crypto\5.7.7\spring-security-crypto-5.7.7.jar;C:\Users\rip\.m2\repository\org\springframework\boot\spring-boot-starter-data-jpa\2.7.9\spring-boot-starter-data-jpa-2.7.9.jar;C:\Users\rip\.m2\repository\org\springframework\boot\spring-boot-starter-aop\2.7.9\spring-boot-starter-aop-2.7.9.jar;C:\Users\rip\.m2\repository\org\aspectj\aspectjweaver\1.9.7\aspectjweaver-1.9.7.jar;C:\Users\rip\.m2\repository\jakarta\transaction\jakarta.transaction-api\1.3.3\jakarta.transaction-api-1.3.3.jar;C:\Users\rip\.m2\repository\jakarta\persistence\jakarta.persistence-api\2.2.3\jakarta.persistence-api-2.2.3.jar;C:\Users\rip\.m2\repository\org\hibernate\hibernate-core\5.6.15.Final\hibernate-core-5.6.15.Final.jar;C:\Users\rip\.m2\repository\antlr\antlr\2.7.7\antlr-2.7.7.jar;C:\Users\rip\.m2\repository\org\jboss\jandex\2.4.2.Final\jandex-2.4.2.Final.jar;C:\Users\rip\.m2\repository\org\hibernate\common\hibernate-commons-annotations\5.1.2.Final\hibernate-commons-annotations-5.1.2.Final.jar;C:\Users\rip\.m2\repository\org\glassfish\jaxb\jaxb-runtime\2.3.8\jaxb-runtime-2.3.8.jar;C:\Users\rip\.m2\repository\org\glassfish\jaxb\txw2\2.3.8\txw2-2.3.8.jar;C:\Users\rip\.m2\repository\com\sun\istack\istack-commons-runtime\3.0.12\istack-commons-runtime-3.0.12.jar;C:\Users\rip\.m2\repository\com\sun\activation\jakarta.activation\1.2.2\jakarta.activation-1.2.2.jar;C:\Users\rip\.m2\repository\org\springframework\data\spring-data-jpa\2.7.8\spring-data-jpa-2.7.8.jar;C:\Users\rip\.m2\repository\org\springframework\spring-orm\5.3.25\spring-orm-5.3.25.jar;C:\Users\rip\.m2\repository\org\springframework\spring-aspects\5.3.25\spring-aspects-5.3.25.jar
Launcher Type: SUN_STANDARD

[Global flags]
     intx CICompilerCount                          = 3                                         {product} {ergonomic}
     uint ConcGCThreads                            = 1                                         {product} {ergonomic}
     uint G1ConcRefinementThreads                  = 4                                         {product} {ergonomic}
   size_t G1HeapRegionSize                         = 1048576                                   {product} {ergonomic}
    uintx GCDrainStackTargetSize                   = 64                                        {product} {ergonomic}
   size_t InitialHeapSize                          = 132120576                                 {product} {ergonomic}
     bool ManagementServer                         = true                                      {product} {command line}
   size_t MarkStackSize                            = 4194304                                   {product} {ergonomic}
   size_t MaxHeapSize                              = 2103443456                                {product} {ergonomic}
   size_t MaxNewSize                               = 1261436928                                {product} {ergonomic}
   size_t MinHeapDeltaBytes                        = 1048576                                   {product} {ergonomic}
   size_t MinHeapSize                              = 8388608                                   {product} {ergonomic}
    uintx NonProfiledCodeHeapSize                  = 0                                      {pd product} {ergonomic}
     bool ProfileInterpreter                       = false                                  {pd product} {command line}
    uintx ProfiledCodeHeapSize                     = 0                                      {pd product} {ergonomic}
   size_t SoftMaxHeapSize                          = 2103443456                             {manageable} {ergonomic}
     intx TieredStopAtLevel                        = 1                                         {product} {command line}
     bool UseCompressedClassPointers               = true                           {product lp64_product} {ergonomic}
     bool UseCompressedOops                        = true                           {product lp64_product} {ergonomic}
     bool UseG1GC                                  = true                                      {product} {ergonomic}
     bool UseLargePagesIndividualAllocation        = false                                  {pd product} {ergonomic}

Logging:
Log output configuration:
 #0: stdout all=warning uptime,level,tags foldmultilines=false
 #1: stderr all=off uptime,level,tags foldmultilines=false

Environment Variables:
PATH=C:\Program Files\Common Files\Oracle\Java\javapath;C:\Windows\system32;C:\Windows;C:\Windows\System32\Wbem;C:\Windows\System32\WindowsPowerShell\v1.0\;C:\Windows\System32\OpenSSH\;C:\Program Files (x86)\Intel\Intel(R) Management Engine Components\DAL;C:\Program Files\Intel\Intel(R) Management Engine Components\DAL;C:\Program Files\Microsoft SQL Server\130\Tools\Binn\;C:\Program Files\Microsoft SQL Server\Client SDK\ODBC\170\Tools\Binn\;C:\Program Files\dotnet\;:\Program Files\Java\jdk-17.0.4.1\bin;C:\Program Files\Microsoft SQL Server\Client SDK\ODBC\130\Tools\Binn\;C:\Program Files (x86)\Microsoft SQL Server\140\Tools\Binn\;C:\Program Files\Microsoft SQL Server\140\Tools\Binn\;C:\Program Files\Microsoft SQL Server\140\DTS\Binn\;C:\Program Files (x86)\Microsoft SQL Server\Client SDK\ODBC\130\Tools\Binn\;C:\Program Files (x86)\Microsoft SQL Server\140\DTS\Binn\;C:\Program Files (x86)\Microsoft SQL Server\140\Tools\Binn\ManagementStudio\;C:\Program Files\Git\cmd;C:\Users\rip\Desktop\\\flutter\bin;C:\Users\rip\AppData\Local\Pub\Cache\bin;C:\Program Files\Docker\Docker\resources\bin;C:\Program Files\nodejs\;C:\Users\rip\AppData\Local\Microsoft\WindowsApps;C:\Users\rip\.dotnet\tools;C:\Users\rip\AppData\Local\Programs\Microsoft VS Code\bin;C:\Users\rip\Desktop\\up4course\apache-maven-3.8.6\bin;C:\Program Files\JetBrains\IntelliJ IDEA 2022.2.1\bin;;C:\Users\rip\AppData\Roaming\npm;C:\Users\rip\AppData\Local\GitHubDesktop\bin
USERNAME=rip
OS=Windows_NT
PROCESSOR_IDENTIFIER=Intel64 Family 6 Model 142 Stepping 12, GenuineIntel
TMP=C:\Users\rip\AppData\Local\Temp
TEMP=C:\Users\rip\AppData\Local\Temp



---------------  S Y S T E M  ---------------

OS:
 Windows 10 , 64 bit Build 19041 (10.0.19041.2546)
OS uptime: 0 days 11:13 hours
Hyper-V role detected

CPU: total 4 (initial active 4) (2 cores per cpu, 2 threads per core) family 6 model 142 stepping 12 microcode 0xc6, cx8, cmov, fxsr, ht, mmx, 3dnowpref, sse, sse2, sse3, ssse3, sse4.1, sse4.2, popcnt, lzcnt, tsc, tscinvbit, avx, avx2, aes, erms, clmul, bmi1, bmi2, adx, fma, vzeroupper, clflush, clflushopt, hv, rdtscp

Memory: 4k page, system-wide physical 8023M (402M free)
TotalPageFile size 16046M (AvailPageFile size 4235M)
current process WorkingSet (physical memory assigned to process): 347M, peak: 347M
current process commit charge ("private bytes"): 393M, peak: 393M

vm_info: OpenJDK 64-Bit Server VM (19.0.2+7-44) for windows-amd64 JRE (19.0.2+7-44), built on 2022-11-30T18:02:09Z by "mach5one" with MS VC++ 17.1 (VS2022)

END.
